#
# There is insufficient memory for the Java Runtime Environment to continue.
# Native memory allocation (malloc) failed to allocate 32744 bytes for Chunk::new
# Possible reasons:
#   The system is out of physical RAM or swap space
#   The process is running with CompressedOops enabled, and the Java Heap may be blocking the growth of the native heap
# Possible solutions:
#   Reduce memory load on the system
#   Increase physical memory or swap space
#   Check if swap backing store is full
#   Decrease Java heap size (-Xmx/-Xms)
#   Decrease number of Java threads
#   Decrease Java thread stack sizes (-Xss)
#   Set larger code cache with -XX:ReservedCodeCacheSize=
#   JVM is running with Unscaled Compressed Oops mode in which the Java heap is
#     placed in the first 4GB address space. The Java Heap base address is the
#     maximum limit for the native heap growth. Please use -XX:HeapBaseMinAddress
#     to set the Java Heap base and to place the Java Heap above 4GB virtual address.
# This output file may be truncated or incomplete.
#
#  Out of Memory Error (arena.cpp:168), pid=17660, tid=21960
#
# JRE version: OpenJDK Runtime Environment (21.0.2+13) (build 21.0.2+13-58)
# Java VM: OpenJDK 64-Bit Server VM (21.0.2+13-58, mixed mode, sharing, tiered, compressed oops, compressed class ptrs, g1 gc, windows-amd64)
# No core dump will be written. Minidumps are not enabled by default on client versions of Windows
#

---------------  S U M M A R Y ------------

Command Line: -javaagent:D:\IntelliJ IDEA Community Edition 2024.3\lib\idea_rt.jar=53864:D:\IntelliJ IDEA Community Edition 2024.3\bin -Dfile.encoding=UTF-8 -Dsun.stdout.encoding=UTF-8 -Dsun.stderr.encoding=UTF-8 --module-path=C:\Users\lenap\.m2\repository\org\openjfx\javafx-base\17.0.0.1\javafx-base-17.0.0.1-win.jar;C:\Users\lenap\OneDrive\Рабочий стол\проекты Java\Task4\Simple3DViewer\target\classes;C:\Users\lenap\.m2\repository\org\openjfx\javafx-controls\17.0.0.1\javafx-controls-17.0.0.1-win.jar;C:\Users\lenap\.m2\repository\org\openjfx\javafx-fxml\17.0.0.1\javafx-fxml-17.0.0.1-win.jar;C:\Users\lenap\.m2\repository\org\openjfx\javafx-graphics\17.0.0.1\javafx-graphics-17.0.0.1-win.jar;C:\Users\lenap\.m2\repository\java3d\vecmath\1.3.1\vecmath-1.3.1.jar -Djdk.module.main=com.cgvsu com.cgvsu/com.cgvsu.Main

Host: 11th Gen Intel(R) Core(TM) i5-1135G7 @ 2.40GHz, 8 cores, 7G,  Windows 11 , 64 bit Build 22621 (10.0.22621.4391)
Time: Thu Dec 19 00:56:50 2024 RTZ 2 (s 11 , 64 bit Build 22621 (10.0.22621.4391) elapsed time: 12.462543 seconds (0d 0h 0m 12s)

---------------  T H R E A D  ---------------

Current thread (0x00000263ea8ed420):  JavaThread "C2 CompilerThread0" daemon [_thread_in_native, id=21960, stack(0x0000006899000000,0x0000006899100000) (1024K)]


Current CompileTask:
C2:  12462 2911       4       javafx.css.CompoundSelector::applies (144 bytes)

Stack: [0x0000006899000000,0x0000006899100000]
Native frames: (J=compiled Java code, j=interpreted, Vv=VM code, C=native code)
V  [jvm.dll+0x6cade9]
V  [jvm.dll+0x8569c1]
V  [jvm.dll+0x858d2e]
V  [jvm.dll+0x859413]
V  [jvm.dll+0x280e56]
V  [jvm.dll+0xc3f3d]
V  [jvm.dll+0xc4473]
V  [jvm.dll+0x6f2eac]
V  [jvm.dll+0x6f3b68]
V  [jvm.dll+0x6f450e]
V  [jvm.dll+0x6f2873]
V  [jvm.dll+0x24b331]
V  [jvm.dll+0x2490a3]
V  [jvm.dll+0x1c9634]
V  [jvm.dll+0x258859]
V  [jvm.dll+0x256e3a]
V  [jvm.dll+0x3ef6c6]
V  [jvm.dll+0x7ff568]
V  [jvm.dll+0x6c953d]
C  [ucrtbase.dll+0x29333]
C  [KERNEL32.DLL+0x1259d]
C  [ntdll.dll+0x5af38]


---------------  P R O C E S S  ---------------

Threads class SMR info:
_java_thread_list=0x00000263f4f2a3c0, length=18, elements={
0x00000263cbb3cca0, 0x00000263ea8aefb0, 0x00000263ea8b0180, 0x00000263ea8b3d20,
0x00000263ea8b4dd0, 0x00000263ea8b9220, 0x00000263ea8bb5e0, 0x00000263ea8ed420,
0x00000263ea8edff0, 0x00000263eaafec10, 0x00000263eacbe7e0, 0x00000263eace61d0,
0x00000263eacc54e0, 0x00000263ef0c2c40, 0x00000263ef5c7600, 0x00000263ef4bb940,
0x00000263ef7fe2d0, 0x00000263f54f7520
}

Java Threads: ( => current thread )
  0x00000263cbb3cca0 JavaThread "main"                              [_thread_blocked, id=16260, stack(0x0000006897e00000,0x0000006897f00000) (1024K)]
  0x00000263ea8aefb0 JavaThread "Reference Handler"          daemon [_thread_blocked, id=19608, stack(0x0000006898a00000,0x0000006898b00000) (1024K)]
  0x00000263ea8b0180 JavaThread "Finalizer"                  daemon [_thread_blocked, id=14768, stack(0x0000006898b00000,0x0000006898c00000) (1024K)]
  0x00000263ea8b3d20 JavaThread "Signal Dispatcher"          daemon [_thread_blocked, id=13084, stack(0x0000006898c00000,0x0000006898d00000) (1024K)]
  0x00000263ea8b4dd0 JavaThread "Attach Listener"            daemon [_thread_blocked, id=19924, stack(0x0000006898d00000,0x0000006898e00000) (1024K)]
  0x00000263ea8b9220 JavaThread "Service Thread"             daemon [_thread_blocked, id=22192, stack(0x0000006898e00000,0x0000006898f00000) (1024K)]
  0x00000263ea8bb5e0 JavaThread "Monitor Deflation Thread"   daemon [_thread_blocked, id=21144, stack(0x0000006898f00000,0x0000006899000000) (1024K)]
=>0x00000263ea8ed420 JavaThread "C2 CompilerThread0"         daemon [_thread_in_native, id=21960, stack(0x0000006899000000,0x0000006899100000) (1024K)]
  0x00000263ea8edff0 JavaThread "C1 CompilerThread0"         daemon [_thread_in_native, id=16344, stack(0x0000006899100000,0x0000006899200000) (1024K)]
  0x00000263eaafec10 JavaThread "Common-Cleaner"             daemon [_thread_blocked, id=22888, stack(0x0000006899200000,0x0000006899300000) (1024K)]
  0x00000263eacbe7e0 JavaThread "Monitor Ctrl-Break"         daemon [_thread_in_native, id=3968, stack(0x0000006899400000,0x0000006899500000) (1024K)]
  0x00000263eace61d0 JavaThread "Notification Thread"        daemon [_thread_blocked, id=17640, stack(0x0000006899500000,0x0000006899600000) (1024K)]
  0x00000263eacc54e0 JavaThread "JavaFX-Launcher"                   [_thread_blocked, id=664, stack(0x0000006899600000,0x0000006899700000) (1024K)]
  0x00000263ef0c2c40 JavaThread "QuantumRenderer-0"          daemon [_thread_blocked, id=16496, stack(0x0000006899700000,0x0000006899800000) (1024K)]
  0x00000263ef5c7600 JavaThread "InvokeLaterDispatcher"      daemon [_thread_blocked, id=3212, stack(0x0000006899800000,0x0000006899900000) (1024K)]
  0x00000263ef4bb940 JavaThread "JavaFX Application Thread"         [_thread_in_Java, id=8124, stack(0x0000006899900000,0x0000006899a00000) (1024K)]
  0x00000263ef7fe2d0 JavaThread "Thread-2"                   daemon [_thread_in_native, id=21136, stack(0x0000006899d00000,0x0000006899e00000) (1024K)]
  0x00000263f54f7520 JavaThread "Prism Font Disposer"        daemon [_thread_blocked, id=1272, stack(0x000000689a700000,0x000000689a800000) (1024K)]
Total: 18

Other Threads:
  0x00000263ea894760 VMThread "VM Thread"                           [id=15804, stack(0x0000006898900000,0x0000006898a00000) (1024K)]
  0x00000263ea87f420 WatcherThread "VM Periodic Task Thread"        [id=8028, stack(0x0000006898800000,0x0000006898900000) (1024K)]
  0x00000263ce046900 WorkerThread "GC Thread#0"                     [id=5808, stack(0x0000006898300000,0x0000006898400000) (1024K)]
  0x00000263ef7fc460 WorkerThread "GC Thread#1"                     [id=20212, stack(0x0000006899e00000,0x0000006899f00000) (1024K)]
  0x00000263ef7c5840 WorkerThread "GC Thread#2"                     [id=3328, stack(0x0000006899f00000,0x000000689a000000) (1024K)]
  0x00000263ef778f50 WorkerThread "GC Thread#3"                     [id=20276, stack(0x000000689a000000,0x000000689a100000) (1024K)]
  0x00000263ef7ba070 WorkerThread "GC Thread#4"                     [id=24160, stack(0x000000689a100000,0x000000689a200000) (1024K)]
  0x00000263ef7ba410 WorkerThread "GC Thread#5"                     [id=19988, stack(0x000000689a200000,0x000000689a300000) (1024K)]
  0x00000263f4ef5730 WorkerThread "GC Thread#6"                     [id=12896, stack(0x000000689a800000,0x000000689a900000) (1024K)]
  0x00000263f4ef5ad0 WorkerThread "GC Thread#7"                     [id=22552, stack(0x000000689a900000,0x000000689aa00000) (1024K)]
  0x00000263ce057450 ConcurrentGCThread "G1 Main Marker"            [id=23108, stack(0x0000006898400000,0x0000006898500000) (1024K)]
  0x00000263ce058760 WorkerThread "G1 Conc#0"                       [id=15204, stack(0x0000006898500000,0x0000006898600000) (1024K)]
  0x00000263ea74e960 ConcurrentGCThread "G1 Refine#0"               [id=1540, stack(0x0000006898600000,0x0000006898700000) (1024K)]
  0x00000263ea74f3e0 ConcurrentGCThread "G1 Service"                [id=11524, stack(0x0000006898700000,0x0000006898800000) (1024K)]
Total: 14

Threads with active compile tasks:
C2 CompilerThread0    12491 2911       4       javafx.css.CompoundSelector::applies (144 bytes)
C1 CompilerThread0    12491 2968       3       javafx.scene.CssStyleHelper::lookupFont (1235 bytes)
Total: 2

VM state: not at safepoint (normal execution)

VM Mutex/Monitor currently owned by a thread: None

Heap address: 0x0000000083200000, size: 1998 MB, Compressed Oops mode: 32-bit

CDS archive(s) mapped at: [0x0000026380000000-0x0000026380c90000-0x0000026380c90000), size 13172736, SharedBaseAddress: 0x0000026380000000, ArchiveRelocationMode: 1.
Compressed class space mapped at: 0x0000026381000000-0x00000263c1000000, reserved size: 1073741824
Narrow klass base: 0x0000026380000000, Narrow klass shift: 0, Narrow klass range: 0x100000000

GC Precious Log:
 CardTable entry size: 512
 Card Set container configuration: InlinePtr #cards 5 size 8 Array Of Cards #cards 12 size 40 Howl #buckets 4 coarsen threshold 1843 Howl Bitmap #cards 512 size 80 coarsen threshold 460 Card regions per heap region 1 cards per card region 2048
 CPUs: 8 total, 8 available
 Memory: 7991M
 Large Page Support: Disabled
 NUMA Support: Disabled
 Compressed Oops: Enabled (32-bit)
 Heap Region Size: 1M
 Heap Min Capacity: 8M
 Heap Initial Capacity: 126M
 Heap Max Capacity: 1998M
 Pre-touch: Disabled
 Parallel Workers: 8
 Concurrent Workers: 2
 Concurrent Refinement Workers: 8
 Periodic GC: Disabled

Heap:
 garbage-first heap   total 129024K, used 19971K [0x0000000083200000, 0x0000000100000000)
  region size 1024K, 20 young (20480K), 5 survivors (5120K)
 Metaspace       used 15411K, committed 15744K, reserved 1114112K
  class space    used 2134K, committed 2304K, reserved 1048576K

Heap Regions: E=young(eden), S=young(survivor), O=old, HS=humongous(starts), HC=humongous(continues), CS=collection set, F=free, TAMS=top-at-mark-start, PB=parsable bottom
|   0|0x0000000083200000, 0x0000000083280e58, 0x0000000083300000| 50%| O|  |TAMS 0x0000000083200000| PB 0x0000000083200000| Untracked 
|   1|0x0000000083300000, 0x0000000083300000, 0x0000000083400000|  0%| F|  |TAMS 0x0000000083300000| PB 0x0000000083300000| Untracked 
|   2|0x0000000083400000, 0x0000000083400000, 0x0000000083500000|  0%| F|  |TAMS 0x0000000083400000| PB 0x0000000083400000| Untracked 
|   3|0x0000000083500000, 0x0000000083500000, 0x0000000083600000|  0%| F|  |TAMS 0x0000000083500000| PB 0x0000000083500000| Untracked 
|   4|0x0000000083600000, 0x0000000083600000, 0x0000000083700000|  0%| F|  |TAMS 0x0000000083600000| PB 0x0000000083600000| Untracked 
|   5|0x0000000083700000, 0x0000000083700000, 0x0000000083800000|  0%| F|  |TAMS 0x0000000083700000| PB 0x0000000083700000| Untracked 
|   6|0x0000000083800000, 0x0000000083800000, 0x0000000083900000|  0%| F|  |TAMS 0x0000000083800000| PB 0x0000000083800000| Untracked 
|   7|0x0000000083900000, 0x0000000083900000, 0x0000000083a00000|  0%| F|  |TAMS 0x0000000083900000| PB 0x0000000083900000| Untracked 
|   8|0x0000000083a00000, 0x0000000083a00000, 0x0000000083b00000|  0%| F|  |TAMS 0x0000000083a00000| PB 0x0000000083a00000| Untracked 
|   9|0x0000000083b00000, 0x0000000083b00000, 0x0000000083c00000|  0%| F|  |TAMS 0x0000000083b00000| PB 0x0000000083b00000| Untracked 
|  10|0x0000000083c00000, 0x0000000083c00000, 0x0000000083d00000|  0%| F|  |TAMS 0x0000000083c00000| PB 0x0000000083c00000| Untracked 
|  11|0x0000000083d00000, 0x0000000083d00000, 0x0000000083e00000|  0%| F|  |TAMS 0x0000000083d00000| PB 0x0000000083d00000| Untracked 
|  12|0x0000000083e00000, 0x0000000083e00000, 0x0000000083f00000|  0%| F|  |TAMS 0x0000000083e00000| PB 0x0000000083e00000| Untracked 
|  13|0x0000000083f00000, 0x0000000083f00000, 0x0000000084000000|  0%| F|  |TAMS 0x0000000083f00000| PB 0x0000000083f00000| Untracked 
|  14|0x0000000084000000, 0x0000000084000000, 0x0000000084100000|  0%| F|  |TAMS 0x0000000084000000| PB 0x0000000084000000| Untracked 
|  15|0x0000000084100000, 0x0000000084100000, 0x0000000084200000|  0%| F|  |TAMS 0x0000000084100000| PB 0x0000000084100000| Untracked 
|  16|0x0000000084200000, 0x0000000084200000, 0x0000000084300000|  0%| F|  |TAMS 0x0000000084200000| PB 0x0000000084200000| Untracked 
|  17|0x0000000084300000, 0x0000000084300000, 0x0000000084400000|  0%| F|  |TAMS 0x0000000084300000| PB 0x0000000084300000| Untracked 
|  18|0x0000000084400000, 0x0000000084400000, 0x0000000084500000|  0%| F|  |TAMS 0x0000000084400000| PB 0x0000000084400000| Untracked 
|  19|0x0000000084500000, 0x0000000084500000, 0x0000000084600000|  0%| F|  |TAMS 0x0000000084500000| PB 0x0000000084500000| Untracked 
|  20|0x0000000084600000, 0x0000000084600000, 0x0000000084700000|  0%| F|  |TAMS 0x0000000084600000| PB 0x0000000084600000| Untracked 
|  21|0x0000000084700000, 0x0000000084700000, 0x0000000084800000|  0%| F|  |TAMS 0x0000000084700000| PB 0x0000000084700000| Untracked 
|  22|0x0000000084800000, 0x0000000084800000, 0x0000000084900000|  0%| F|  |TAMS 0x0000000084800000| PB 0x0000000084800000| Untracked 
|  23|0x0000000084900000, 0x0000000084900000, 0x0000000084a00000|  0%| F|  |TAMS 0x0000000084900000| PB 0x0000000084900000| Untracked 
|  24|0x0000000084a00000, 0x0000000084a00000, 0x0000000084b00000|  0%| F|  |TAMS 0x0000000084a00000| PB 0x0000000084a00000| Untracked 
|  25|0x0000000084b00000, 0x0000000084b00000, 0x0000000084c00000|  0%| F|  |TAMS 0x0000000084b00000| PB 0x0000000084b00000| Untracked 
|  26|0x0000000084c00000, 0x0000000084c00000, 0x0000000084d00000|  0%| F|  |TAMS 0x0000000084c00000| PB 0x0000000084c00000| Untracked 
|  27|0x0000000084d00000, 0x0000000084d00000, 0x0000000084e00000|  0%| F|  |TAMS 0x0000000084d00000| PB 0x0000000084d00000| Untracked 
|  28|0x0000000084e00000, 0x0000000084e00000, 0x0000000084f00000|  0%| F|  |TAMS 0x0000000084e00000| PB 0x0000000084e00000| Untracked 
|  29|0x0000000084f00000, 0x0000000084f00000, 0x0000000085000000|  0%| F|  |TAMS 0x0000000084f00000| PB 0x0000000084f00000| Untracked 
|  30|0x0000000085000000, 0x0000000085000000, 0x0000000085100000|  0%| F|  |TAMS 0x0000000085000000| PB 0x0000000085000000| Untracked 
|  31|0x0000000085100000, 0x0000000085100000, 0x0000000085200000|  0%| F|  |TAMS 0x0000000085100000| PB 0x0000000085100000| Untracked 
|  32|0x0000000085200000, 0x0000000085200000, 0x0000000085300000|  0%| F|  |TAMS 0x0000000085200000| PB 0x0000000085200000| Untracked 
|  33|0x0000000085300000, 0x0000000085300000, 0x0000000085400000|  0%| F|  |TAMS 0x0000000085300000| PB 0x0000000085300000| Untracked 
|  34|0x0000000085400000, 0x0000000085400000, 0x0000000085500000|  0%| F|  |TAMS 0x0000000085400000| PB 0x0000000085400000| Untracked 
|  35|0x0000000085500000, 0x0000000085500000, 0x0000000085600000|  0%| F|  |TAMS 0x0000000085500000| PB 0x0000000085500000| Untracked 
|  36|0x0000000085600000, 0x0000000085600000, 0x0000000085700000|  0%| F|  |TAMS 0x0000000085600000| PB 0x0000000085600000| Untracked 
|  37|0x0000000085700000, 0x0000000085700000, 0x0000000085800000|  0%| F|  |TAMS 0x0000000085700000| PB 0x0000000085700000| Untracked 
|  38|0x0000000085800000, 0x0000000085800000, 0x0000000085900000|  0%| F|  |TAMS 0x0000000085800000| PB 0x0000000085800000| Untracked 
|  39|0x0000000085900000, 0x0000000085900000, 0x0000000085a00000|  0%| F|  |TAMS 0x0000000085900000| PB 0x0000000085900000| Untracked 
|  40|0x0000000085a00000, 0x0000000085a00000, 0x0000000085b00000|  0%| F|  |TAMS 0x0000000085a00000| PB 0x0000000085a00000| Untracked 
|  41|0x0000000085b00000, 0x0000000085b00000, 0x0000000085c00000|  0%| F|  |TAMS 0x0000000085b00000| PB 0x0000000085b00000| Untracked 
|  42|0x0000000085c00000, 0x0000000085c00000, 0x0000000085d00000|  0%| F|  |TAMS 0x0000000085c00000| PB 0x0000000085c00000| Untracked 
|  43|0x0000000085d00000, 0x0000000085d00000, 0x0000000085e00000|  0%| F|  |TAMS 0x0000000085d00000| PB 0x0000000085d00000| Untracked 
|  44|0x0000000085e00000, 0x0000000085e00000, 0x0000000085f00000|  0%| F|  |TAMS 0x0000000085e00000| PB 0x0000000085e00000| Untracked 
|  45|0x0000000085f00000, 0x0000000085f00000, 0x0000000086000000|  0%| F|  |TAMS 0x0000000085f00000| PB 0x0000000085f00000| Untracked 
|  46|0x0000000086000000, 0x0000000086000000, 0x0000000086100000|  0%| F|  |TAMS 0x0000000086000000| PB 0x0000000086000000| Untracked 
|  47|0x0000000086100000, 0x0000000086100000, 0x0000000086200000|  0%| F|  |TAMS 0x0000000086100000| PB 0x0000000086100000| Untracked 
|  48|0x0000000086200000, 0x0000000086200000, 0x0000000086300000|  0%| F|  |TAMS 0x0000000086200000| PB 0x0000000086200000| Untracked 
|  49|0x0000000086300000, 0x0000000086300000, 0x0000000086400000|  0%| F|  |TAMS 0x0000000086300000| PB 0x0000000086300000| Untracked 
|  50|0x0000000086400000, 0x0000000086400000, 0x0000000086500000|  0%| F|  |TAMS 0x0000000086400000| PB 0x0000000086400000| Untracked 
|  51|0x0000000086500000, 0x0000000086500000, 0x0000000086600000|  0%| F|  |TAMS 0x0000000086500000| PB 0x0000000086500000| Untracked 
|  52|0x0000000086600000, 0x0000000086600000, 0x0000000086700000|  0%| F|  |TAMS 0x0000000086600000| PB 0x0000000086600000| Untracked 
|  53|0x0000000086700000, 0x0000000086700000, 0x0000000086800000|  0%| F|  |TAMS 0x0000000086700000| PB 0x0000000086700000| Untracked 
|  54|0x0000000086800000, 0x0000000086800000, 0x0000000086900000|  0%| F|  |TAMS 0x0000000086800000| PB 0x0000000086800000| Untracked 
|  55|0x0000000086900000, 0x0000000086900000, 0x0000000086a00000|  0%| F|  |TAMS 0x0000000086900000| PB 0x0000000086900000| Untracked 
|  56|0x0000000086a00000, 0x0000000086a00000, 0x0000000086b00000|  0%| F|  |TAMS 0x0000000086a00000| PB 0x0000000086a00000| Untracked 
|  57|0x0000000086b00000, 0x0000000086b00000, 0x0000000086c00000|  0%| F|  |TAMS 0x0000000086b00000| PB 0x0000000086b00000| Untracked 
|  58|0x0000000086c00000, 0x0000000086c00000, 0x0000000086d00000|  0%| F|  |TAMS 0x0000000086c00000| PB 0x0000000086c00000| Untracked 
|  59|0x0000000086d00000, 0x0000000086d00000, 0x0000000086e00000|  0%| F|  |TAMS 0x0000000086d00000| PB 0x0000000086d00000| Untracked 
|  60|0x0000000086e00000, 0x0000000086e00000, 0x0000000086f00000|  0%| F|  |TAMS 0x0000000086e00000| PB 0x0000000086e00000| Untracked 
|  61|0x0000000086f00000, 0x0000000086f00000, 0x0000000087000000|  0%| F|  |TAMS 0x0000000086f00000| PB 0x0000000086f00000| Untracked 
|  62|0x0000000087000000, 0x0000000087000000, 0x0000000087100000|  0%| F|  |TAMS 0x0000000087000000| PB 0x0000000087000000| Untracked 
|  63|0x0000000087100000, 0x0000000087100000, 0x0000000087200000|  0%| F|  |TAMS 0x0000000087100000| PB 0x0000000087100000| Untracked 
|  64|0x0000000087200000, 0x0000000087200000, 0x0000000087300000|  0%| F|  |TAMS 0x0000000087200000| PB 0x0000000087200000| Untracked 
|  65|0x0000000087300000, 0x0000000087300000, 0x0000000087400000|  0%| F|  |TAMS 0x0000000087300000| PB 0x0000000087300000| Untracked 
|  66|0x0000000087400000, 0x0000000087400000, 0x0000000087500000|  0%| F|  |TAMS 0x0000000087400000| PB 0x0000000087400000| Untracked 
|  67|0x0000000087500000, 0x0000000087500000, 0x0000000087600000|  0%| F|  |TAMS 0x0000000087500000| PB 0x0000000087500000| Untracked 
|  68|0x0000000087600000, 0x0000000087600000, 0x0000000087700000|  0%| F|  |TAMS 0x0000000087600000| PB 0x0000000087600000| Untracked 
|  69|0x0000000087700000, 0x0000000087700000, 0x0000000087800000|  0%| F|  |TAMS 0x0000000087700000| PB 0x0000000087700000| Untracked 
|  70|0x0000000087800000, 0x0000000087800000, 0x0000000087900000|  0%| F|  |TAMS 0x0000000087800000| PB 0x0000000087800000| Untracked 
|  71|0x0000000087900000, 0x0000000087900000, 0x0000000087a00000|  0%| F|  |TAMS 0x0000000087900000| PB 0x0000000087900000| Untracked 
|  72|0x0000000087a00000, 0x0000000087a00000, 0x0000000087b00000|  0%| F|  |TAMS 0x0000000087a00000| PB 0x0000000087a00000| Untracked 
|  73|0x0000000087b00000, 0x0000000087b00000, 0x0000000087c00000|  0%| F|  |TAMS 0x0000000087b00000| PB 0x0000000087b00000| Untracked 
|  74|0x0000000087c00000, 0x0000000087c00000, 0x0000000087d00000|  0%| F|  |TAMS 0x0000000087c00000| PB 0x0000000087c00000| Untracked 
|  75|0x0000000087d00000, 0x0000000087d00000, 0x0000000087e00000|  0%| F|  |TAMS 0x0000000087d00000| PB 0x0000000087d00000| Untracked 
|  76|0x0000000087e00000, 0x0000000087e00000, 0x0000000087f00000|  0%| F|  |TAMS 0x0000000087e00000| PB 0x0000000087e00000| Untracked 
|  77|0x0000000087f00000, 0x0000000087f00000, 0x0000000088000000|  0%| F|  |TAMS 0x0000000087f00000| PB 0x0000000087f00000| Untracked 
|  78|0x0000000088000000, 0x0000000088000000, 0x0000000088100000|  0%| F|  |TAMS 0x0000000088000000| PB 0x0000000088000000| Untracked 
|  79|0x0000000088100000, 0x0000000088100000, 0x0000000088200000|  0%| F|  |TAMS 0x0000000088100000| PB 0x0000000088100000| Untracked 
|  80|0x0000000088200000, 0x0000000088200000, 0x0000000088300000|  0%| F|  |TAMS 0x0000000088200000| PB 0x0000000088200000| Untracked 
|  81|0x0000000088300000, 0x0000000088300000, 0x0000000088400000|  0%| F|  |TAMS 0x0000000088300000| PB 0x0000000088300000| Untracked 
|  82|0x0000000088400000, 0x0000000088400000, 0x0000000088500000|  0%| F|  |TAMS 0x0000000088400000| PB 0x0000000088400000| Untracked 
|  83|0x0000000088500000, 0x0000000088500000, 0x0000000088600000|  0%| F|  |TAMS 0x0000000088500000| PB 0x0000000088500000| Untracked 
|  84|0x0000000088600000, 0x0000000088700000, 0x0000000088700000|100%| S|CS|TAMS 0x0000000088600000| PB 0x0000000088600000| Complete 
|  85|0x0000000088700000, 0x0000000088800000, 0x0000000088800000|100%| S|CS|TAMS 0x0000000088700000| PB 0x0000000088700000| Complete 
|  86|0x0000000088800000, 0x0000000088900000, 0x0000000088900000|100%| S|CS|TAMS 0x0000000088800000| PB 0x0000000088800000| Complete 
|  87|0x0000000088900000, 0x0000000088a00000, 0x0000000088a00000|100%| S|CS|TAMS 0x0000000088900000| PB 0x0000000088900000| Complete 
|  88|0x0000000088a00000, 0x0000000088b00000, 0x0000000088b00000|100%| S|CS|TAMS 0x0000000088a00000| PB 0x0000000088a00000| Complete 
|  89|0x0000000088b00000, 0x0000000088b00000, 0x0000000088c00000|  0%| F|  |TAMS 0x0000000088b00000| PB 0x0000000088b00000| Untracked 
|  90|0x0000000088c00000, 0x0000000088c00000, 0x0000000088d00000|  0%| F|  |TAMS 0x0000000088c00000| PB 0x0000000088c00000| Untracked 
|  91|0x0000000088d00000, 0x0000000088d00000, 0x0000000088e00000|  0%| F|  |TAMS 0x0000000088d00000| PB 0x0000000088d00000| Untracked 
|  92|0x0000000088e00000, 0x0000000088e00000, 0x0000000088f00000|  0%| F|  |TAMS 0x0000000088e00000| PB 0x0000000088e00000| Untracked 
|  93|0x0000000088f00000, 0x0000000088f00000, 0x0000000089000000|  0%| F|  |TAMS 0x0000000088f00000| PB 0x0000000088f00000| Untracked 
|  94|0x0000000089000000, 0x0000000089000000, 0x0000000089100000|  0%| F|  |TAMS 0x0000000089000000| PB 0x0000000089000000| Untracked 
|  95|0x0000000089100000, 0x0000000089100000, 0x0000000089200000|  0%| F|  |TAMS 0x0000000089100000| PB 0x0000000089100000| Untracked 
|  96|0x0000000089200000, 0x0000000089200000, 0x0000000089300000|  0%| F|  |TAMS 0x0000000089200000| PB 0x0000000089200000| Untracked 
|  97|0x0000000089300000, 0x0000000089300000, 0x0000000089400000|  0%| F|  |TAMS 0x0000000089300000| PB 0x0000000089300000| Untracked 
|  98|0x0000000089400000, 0x0000000089400000, 0x0000000089500000|  0%| F|  |TAMS 0x0000000089400000| PB 0x0000000089400000| Untracked 
|  99|0x0000000089500000, 0x0000000089500000, 0x0000000089600000|  0%| F|  |TAMS 0x0000000089500000| PB 0x0000000089500000| Untracked 
| 100|0x0000000089600000, 0x0000000089600000, 0x0000000089700000|  0%| F|  |TAMS 0x0000000089600000| PB 0x0000000089600000| Untracked 
| 101|0x0000000089700000, 0x0000000089700000, 0x0000000089800000|  0%| F|  |TAMS 0x0000000089700000| PB 0x0000000089700000| Untracked 
| 102|0x0000000089800000, 0x0000000089800000, 0x0000000089900000|  0%| F|  |TAMS 0x0000000089800000| PB 0x0000000089800000| Untracked 
| 103|0x0000000089900000, 0x0000000089900000, 0x0000000089a00000|  0%| F|  |TAMS 0x0000000089900000| PB 0x0000000089900000| Untracked 
| 104|0x0000000089a00000, 0x0000000089a00000, 0x0000000089b00000|  0%| F|  |TAMS 0x0000000089a00000| PB 0x0000000089a00000| Untracked 
| 105|0x0000000089b00000, 0x0000000089b00000, 0x0000000089c00000|  0%| F|  |TAMS 0x0000000089b00000| PB 0x0000000089b00000| Untracked 
| 106|0x0000000089c00000, 0x0000000089c00000, 0x0000000089d00000|  0%| F|  |TAMS 0x0000000089c00000| PB 0x0000000089c00000| Untracked 
| 107|0x0000000089d00000, 0x0000000089d00000, 0x0000000089e00000|  0%| F|  |TAMS 0x0000000089d00000| PB 0x0000000089d00000| Untracked 
| 108|0x0000000089e00000, 0x0000000089e00000, 0x0000000089f00000|  0%| F|  |TAMS 0x0000000089e00000| PB 0x0000000089e00000| Untracked 
| 109|0x0000000089f00000, 0x0000000089f00000, 0x000000008a000000|  0%| F|  |TAMS 0x0000000089f00000| PB 0x0000000089f00000| Untracked 
| 110|0x000000008a000000, 0x000000008a000000, 0x000000008a100000|  0%| F|  |TAMS 0x000000008a000000| PB 0x000000008a000000| Untracked 
| 111|0x000000008a100000, 0x000000008a1747f8, 0x000000008a200000| 45%| E|  |TAMS 0x000000008a100000| PB 0x000000008a100000| Complete 
| 112|0x000000008a200000, 0x000000008a300000, 0x000000008a300000|100%| E|CS|TAMS 0x000000008a200000| PB 0x000000008a200000| Complete 
| 113|0x000000008a300000, 0x000000008a400000, 0x000000008a400000|100%| E|CS|TAMS 0x000000008a300000| PB 0x000000008a300000| Complete 
| 114|0x000000008a400000, 0x000000008a500000, 0x000000008a500000|100%| E|CS|TAMS 0x000000008a400000| PB 0x000000008a400000| Complete 
| 115|0x000000008a500000, 0x000000008a600000, 0x000000008a600000|100%| E|CS|TAMS 0x000000008a500000| PB 0x000000008a500000| Complete 
| 116|0x000000008a600000, 0x000000008a700000, 0x000000008a700000|100%| E|CS|TAMS 0x000000008a600000| PB 0x000000008a600000| Complete 
| 117|0x000000008a700000, 0x000000008a800000, 0x000000008a800000|100%| E|CS|TAMS 0x000000008a700000| PB 0x000000008a700000| Complete 
| 118|0x000000008a800000, 0x000000008a900000, 0x000000008a900000|100%| E|CS|TAMS 0x000000008a800000| PB 0x000000008a800000| Complete 
| 119|0x000000008a900000, 0x000000008aa00000, 0x000000008aa00000|100%| E|CS|TAMS 0x000000008a900000| PB 0x000000008a900000| Complete 
| 120|0x000000008aa00000, 0x000000008ab00000, 0x000000008ab00000|100%| E|CS|TAMS 0x000000008aa00000| PB 0x000000008aa00000| Complete 
| 121|0x000000008ab00000, 0x000000008ac00000, 0x000000008ac00000|100%| E|CS|TAMS 0x000000008ab00000| PB 0x000000008ab00000| Complete 
| 122|0x000000008ac00000, 0x000000008ad00000, 0x000000008ad00000|100%| E|CS|TAMS 0x000000008ac00000| PB 0x000000008ac00000| Complete 
| 123|0x000000008ad00000, 0x000000008ae00000, 0x000000008ae00000|100%| E|CS|TAMS 0x000000008ad00000| PB 0x000000008ad00000| Complete 
| 124|0x000000008ae00000, 0x000000008af00000, 0x000000008af00000|100%| E|CS|TAMS 0x000000008ae00000| PB 0x000000008ae00000| Complete 
| 125|0x000000008af00000, 0x000000008b000000, 0x000000008b000000|100%| E|CS|TAMS 0x000000008af00000| PB 0x000000008af00000| Complete 

Card table byte_map: [0x00000263e5b50000,0x00000263e5f40000] _byte_map_base: 0x00000263e5737000

Marking Bits: (CMBitMap*) 0x00000263ce047000
 Bits: [0x00000263e5f40000, 0x00000263e7e78000)

Polling page: 0x00000263cb920000

Metaspace:

Usage:
  Non-class:     12.97 MB used.
      Class:      2.08 MB used.
       Both:     15.05 MB used.

Virtual space:
  Non-class space:       64.00 MB reserved,      13.12 MB ( 21%) committed,  1 nodes.
      Class space:        1.00 GB reserved,       2.25 MB ( <1%) committed,  1 nodes.
             Both:        1.06 GB reserved,      15.38 MB (  1%) committed. 

Chunk freelists:
   Non-Class:  1.94 MB
       Class:  13.70 MB
        Both:  15.64 MB

MaxMetaspaceSize: unlimited
CompressedClassSpaceSize: 1.00 GB
Initial GC threshold: 21.00 MB
Current GC threshold: 21.00 MB
CDS: on
 - commit_granule_bytes: 65536.
 - commit_granule_words: 8192.
 - virtual_space_node_default_size: 8388608.
 - enlarge_chunks_in_place: 1.
 - use_allocation_guard: 0.


Internal statistics:

num_allocs_failed_limit: 0.
num_arena_births: 354.
num_arena_deaths: 0.
num_vsnodes_births: 2.
num_vsnodes_deaths: 0.
num_space_committed: 246.
num_space_uncommitted: 0.
num_chunks_returned_to_freelist: 0.
num_chunks_taken_from_freelist: 882.
num_chunk_merges: 0.
num_chunk_splits: 575.
num_chunks_enlarged: 406.
num_inconsistent_stats: 0.

CodeHeap 'non-profiled nmethods': size=120000Kb used=1025Kb max_used=1025Kb free=118974Kb
 bounds [0x00000263ddf00000, 0x00000263de170000, 0x00000263e5430000]
CodeHeap 'profiled nmethods': size=120000Kb used=5787Kb max_used=5787Kb free=114212Kb
 bounds [0x00000263d6430000, 0x00000263d69e0000, 0x00000263dd960000]
CodeHeap 'non-nmethods': size=5760Kb used=1996Kb max_used=2012Kb free=3763Kb
 bounds [0x00000263dd960000, 0x00000263ddbd0000, 0x00000263ddf00000]
 total_blobs=3749 nmethods=2959 adapters=693
 compilation: enabled
              stopped_count=0, restarted_count=0
 full_count=0

Compilation events (20 events):
Event: 12.441 Thread 0x00000263ea8edff0 nmethod 2961 0x00000263d69d3f10 code [0x00000263d69d40c0, 0x00000263d69d4270]
Event: 12.441 Thread 0x00000263ea8edff0 2955       3       com.sun.javafx.util.Utils::clamp (20 bytes)
Event: 12.441 Thread 0x00000263ea8edff0 nmethod 2955 0x00000263d69d4310 code [0x00000263d69d44c0, 0x00000263d69d46b8]
Event: 12.441 Thread 0x00000263ea8edff0 2957       3       javafx.scene.Node::updateLocalBounds (67 bytes)
Event: 12.442 Thread 0x00000263ea8edff0 nmethod 2957 0x00000263d69d4790 code [0x00000263d69d49e0, 0x00000263d69d54e8]
Event: 12.442 Thread 0x00000263ea8edff0 2959       3       javafx.scene.layout.Region::snapSpaceY (17 bytes)
Event: 12.442 Thread 0x00000263ea8edff0 nmethod 2959 0x00000263d69d5790 code [0x00000263d69d5a00, 0x00000263d69d62f8]
Event: 12.442 Thread 0x00000263ea8edff0 2953       3       javafx.beans.property.SimpleObjectProperty::<init> (25 bytes)
Event: 12.443 Thread 0x00000263ea8edff0 nmethod 2953 0x00000263d69d6610 code [0x00000263d69d67e0, 0x00000263d69d6cb0]
Event: 12.443 Thread 0x00000263ea8edff0 2963       1       javafx.scene.shape.Shape::getMode (5 bytes)
Event: 12.443 Thread 0x00000263ea8edff0 nmethod 2963 0x00000263ddfff590 code [0x00000263ddfff720, 0x00000263ddfff7f0]
Event: 12.443 Thread 0x00000263ea8edff0 2962       1       com.sun.javafx.text.TextRun::getStart (5 bytes)
Event: 12.443 Thread 0x00000263ea8edff0 nmethod 2962 0x00000263ddfff890 code [0x00000263ddfffa20, 0x00000263ddfffae8]
Event: 12.443 Thread 0x00000263ea8edff0 2960       1       javafx.scene.Node::getClipParent (5 bytes)
Event: 12.443 Thread 0x00000263ea8edff0 nmethod 2960 0x00000263ddfffb90 code [0x00000263ddfffd20, 0x00000263ddfffde8]
Event: 12.443 Thread 0x00000263ea8edff0 2966       1       com.sun.javafx.text.TextLine::getLeftSideBearing (5 bytes)
Event: 12.443 Thread 0x00000263ea8edff0 nmethod 2966 0x00000263ddfffe90 code [0x00000263de000020, 0x00000263de0000e8]
Event: 12.443 Thread 0x00000263ea8edff0 2967       1       com.sun.javafx.text.TextLine::getRightSideBearing (5 bytes)
Event: 12.443 Thread 0x00000263ea8edff0 nmethod 2967 0x00000263de000190 code [0x00000263de000320, 0x00000263de0003e8]
Event: 12.443 Thread 0x00000263ea8edff0 2968       3       javafx.scene.CssStyleHelper::lookupFont (1235 bytes)

GC Heap History (4 events):
Event: 0.751 GC heap before
{Heap before GC invocations=0 (full 0):
 garbage-first heap   total 129024K, used 22528K [0x0000000083200000, 0x0000000100000000)
  region size 1024K, 23 young (23552K), 0 survivors (0K)
 Metaspace       used 4766K, committed 4992K, reserved 1114112K
  class space    used 543K, committed 640K, reserved 1048576K
}
Event: 0.753 GC heap after
{Heap after GC invocations=1 (full 0):
 garbage-first heap   total 129024K, used 2687K [0x0000000083200000, 0x0000000100000000)
  region size 1024K, 3 young (3072K), 3 survivors (3072K)
 Metaspace       used 4766K, committed 4992K, reserved 1114112K
  class space    used 543K, committed 640K, reserved 1048576K
}
Event: 1.358 GC heap before
{Heap before GC invocations=1 (full 0):
 garbage-first heap   total 129024K, used 36479K [0x0000000083200000, 0x0000000100000000)
  region size 1024K, 37 young (37888K), 3 survivors (3072K)
 Metaspace       used 12502K, committed 12736K, reserved 1114112K
  class space    used 1818K, committed 1920K, reserved 1048576K
}
Event: 1.363 GC heap after
{Heap after GC invocations=2 (full 0):
 garbage-first heap   total 129024K, used 5635K [0x0000000083200000, 0x0000000100000000)
  region size 1024K, 5 young (5120K), 5 survivors (5120K)
 Metaspace       used 12502K, committed 12736K, reserved 1114112K
  class space    used 1818K, committed 1920K, reserved 1048576K
}

Dll operation events (20 events):
Event: 0.451 Loaded shared library C:\Users\lenap\.openjfx\cache\17.0.0.1\api-ms-win-crt-filesystem-l1-1-0.dll
Event: 0.455 Loaded shared library C:\Users\lenap\.openjfx\cache\17.0.0.1\api-ms-win-crt-heap-l1-1-0.dll
Event: 0.460 Loaded shared library C:\Users\lenap\.openjfx\cache\17.0.0.1\api-ms-win-crt-locale-l1-1-0.dll
Event: 0.464 Loaded shared library C:\Users\lenap\.openjfx\cache\17.0.0.1\api-ms-win-crt-math-l1-1-0.dll
Event: 0.467 Loaded shared library C:\Users\lenap\.openjfx\cache\17.0.0.1\api-ms-win-crt-multibyte-l1-1-0.dll
Event: 0.472 Loaded shared library C:\Users\lenap\.openjfx\cache\17.0.0.1\api-ms-win-crt-private-l1-1-0.dll
Event: 0.475 Loaded shared library C:\Users\lenap\.openjfx\cache\17.0.0.1\api-ms-win-crt-process-l1-1-0.dll
Event: 0.479 Loaded shared library C:\Users\lenap\.openjfx\cache\17.0.0.1\api-ms-win-crt-runtime-l1-1-0.dll
Event: 0.482 Loaded shared library C:\Users\lenap\.openjfx\cache\17.0.0.1\api-ms-win-crt-stdio-l1-1-0.dll
Event: 0.486 Loaded shared library C:\Users\lenap\.openjfx\cache\17.0.0.1\api-ms-win-crt-string-l1-1-0.dll
Event: 0.489 Loaded shared library C:\Users\lenap\.openjfx\cache\17.0.0.1\api-ms-win-crt-time-l1-1-0.dll
Event: 0.493 Loaded shared library C:\Users\lenap\.openjfx\cache\17.0.0.1\api-ms-win-crt-utility-l1-1-0.dll
Event: 0.510 Loaded shared library C:\Users\lenap\.openjfx\cache\17.0.0.1\ucrtbase.dll
Event: 0.516 Loaded shared library C:\Users\lenap\.openjfx\cache\17.0.0.1\vcruntime140.dll
Event: 0.520 Loaded shared library C:\Users\lenap\.openjfx\cache\17.0.0.1\vcruntime140_1.dll
Event: 0.532 Loaded shared library C:\Users\lenap\.openjfx\cache\17.0.0.1\msvcp140.dll
Event: 0.585 Loaded shared library C:\Users\lenap\.openjfx\cache\17.0.0.1\prism_d3d.dll
Event: 0.652 Loaded shared library C:\Users\lenap\.openjfx\cache\17.0.0.1\glass.dll
Event: 0.749 Loaded shared library C:\Users\lenap\.jdks\openjdk-21.0.2\bin\jimage.dll
Event: 0.942 Loaded shared library C:\Users\lenap\.openjfx\cache\17.0.0.1\javafx_font.dll

Deoptimization events (20 events):
Event: 10.559 Thread 0x00000263ef4bb940 Uncommon trap: trap_request=0xffffff45 fr.pc=0x00000263ddfcbca0 relative=0x00000000000003e0
Event: 10.559 Thread 0x00000263ef4bb940 Uncommon trap: reason=unstable_if action=reinterpret pc=0x00000263ddfcbca0 method=javafx.scene.Node.updateBounds()V @ 116 c2
Event: 10.559 Thread 0x00000263ef4bb940 DEOPT PACKING pc=0x00000263ddfcbca0 sp=0x00000068999fe090
Event: 10.559 Thread 0x00000263ef4bb940 DEOPT UNPACKING pc=0x00000263dd9b7da2 sp=0x00000068999fdfc0 mode 2
Event: 10.559 Thread 0x00000263ef4bb940 Uncommon trap: trap_request=0xffffff45 fr.pc=0x00000263ddfcbca0 relative=0x00000000000003e0
Event: 10.559 Thread 0x00000263ef4bb940 Uncommon trap: reason=unstable_if action=reinterpret pc=0x00000263ddfcbca0 method=javafx.scene.Node.updateBounds()V @ 116 c2
Event: 10.559 Thread 0x00000263ef4bb940 DEOPT PACKING pc=0x00000263ddfcbca0 sp=0x00000068999fe0d0
Event: 10.559 Thread 0x00000263ef4bb940 DEOPT UNPACKING pc=0x00000263dd9b7da2 sp=0x00000068999fe000 mode 2
Event: 10.559 Thread 0x00000263ef4bb940 Uncommon trap: trap_request=0xffffff45 fr.pc=0x00000263ddfcbca0 relative=0x00000000000003e0
Event: 10.559 Thread 0x00000263ef4bb940 Uncommon trap: reason=unstable_if action=reinterpret pc=0x00000263ddfcbca0 method=javafx.scene.Node.updateBounds()V @ 116 c2
Event: 10.559 Thread 0x00000263ef4bb940 DEOPT PACKING pc=0x00000263ddfcbca0 sp=0x00000068999fe110
Event: 10.559 Thread 0x00000263ef4bb940 DEOPT UNPACKING pc=0x00000263dd9b7da2 sp=0x00000068999fe040 mode 2
Event: 10.559 Thread 0x00000263ef4bb940 Uncommon trap: trap_request=0xffffff45 fr.pc=0x00000263ddfcbca0 relative=0x00000000000003e0
Event: 10.559 Thread 0x00000263ef4bb940 Uncommon trap: reason=unstable_if action=reinterpret pc=0x00000263ddfcbca0 method=javafx.scene.Node.updateBounds()V @ 116 c2
Event: 10.559 Thread 0x00000263ef4bb940 DEOPT PACKING pc=0x00000263ddfcbca0 sp=0x00000068999fe150
Event: 10.559 Thread 0x00000263ef4bb940 DEOPT UNPACKING pc=0x00000263dd9b7da2 sp=0x00000068999fe080 mode 2
Event: 10.559 Thread 0x00000263ef4bb940 Uncommon trap: trap_request=0xffffff45 fr.pc=0x00000263ddfcbca0 relative=0x00000000000003e0
Event: 10.559 Thread 0x00000263ef4bb940 Uncommon trap: reason=unstable_if action=reinterpret pc=0x00000263ddfcbca0 method=javafx.scene.Node.updateBounds()V @ 116 c2
Event: 10.559 Thread 0x00000263ef4bb940 DEOPT PACKING pc=0x00000263ddfcbca0 sp=0x00000068999fe190
Event: 10.559 Thread 0x00000263ef4bb940 DEOPT UNPACKING pc=0x00000263dd9b7da2 sp=0x00000068999fe0c8 mode 2

Classes loaded (20 events):
Event: 1.459 Loading class java/nio/FloatBuffer
Event: 1.460 Loading class java/nio/FloatBuffer done
Event: 1.460 Loading class java/nio/DoubleBuffer
Event: 1.460 Loading class java/nio/DoubleBuffer done
Event: 1.461 Loading class java/nio/DirectFloatBufferU
Event: 1.461 Loading class java/nio/DirectFloatBufferU done
Event: 1.468 Loading class java/lang/FdLibm$Atan2
Event: 1.468 Loading class java/lang/FdLibm$Atan2 done
Event: 1.468 Loading class java/lang/FdLibm
Event: 1.469 Loading class java/lang/FdLibm done
Event: 7.734 Loading class java/util/EnumMap$Values
Event: 7.735 Loading class java/util/EnumMap$Values done
Event: 7.735 Loading class java/util/EnumMap$ValueIterator
Event: 7.735 Loading class java/util/EnumMap$EnumMapIterator
Event: 7.735 Loading class java/util/EnumMap$EnumMapIterator done
Event: 7.735 Loading class java/util/EnumMap$ValueIterator done
Event: 10.468 Loading class java/io/UnsupportedEncodingException
Event: 10.468 Loading class java/io/UnsupportedEncodingException done
Event: 10.570 Loading class java/lang/FdLibm$Hypot
Event: 10.570 Loading class java/lang/FdLibm$Hypot done

Classes unloaded (0 events):
No events

Classes redefined (0 events):
No events

Internal exceptions (20 events):
Event: 1.039 Thread 0x00000263ef4bb940 Exception <a 'java/lang/NoSuchMethodError'{0x000000008a064e10}: 'void java.lang.invoke.DirectMethodHandle$Holder.invokeSpecial(java.lang.Object, java.lang.Object, int)'> (0x000000008a064e10) 
thrown [s\open\src\hotspot\share\interpreter\linkResolver.cpp, line 773]
Event: 1.039 Thread 0x00000263ef4bb940 Exception <a 'java/lang/NoSuchMethodError'{0x000000008a069250}: 'int java.lang.invoke.DirectMethodHandle$Holder.invokeSpecial(java.lang.Object, java.lang.Object, java.lang.Object, int)'> (0x000000008a069250) 
thrown [s\open\src\hotspot\share\interpreter\linkResolver.cpp, line 773]
Event: 1.040 Thread 0x00000263ef4bb940 Exception <a 'java/lang/NoSuchMethodError'{0x000000008a07b5d8}: 'java.lang.Object java.lang.invoke.DirectMethodHandle$Holder.invokeStatic(java.lang.Object, java.lang.Object, java.lang.Object, java.lang.Object, int)'> (0x000000008a07b5d8) 
thrown [s\open\src\hotspot\share\interpreter\linkResolver.cpp, line 773]
Event: 1.041 Thread 0x00000263ef4bb940 Exception <a 'java/lang/NoSuchMethodError'{0x000000008a086338}: 'void java.lang.invoke.DelegatingMethodHandle$Holder.reinvoke_L(java.lang.Object, java.lang.Object, int)'> (0x000000008a086338) 
thrown [s\open\src\hotspot\share\interpreter\linkResolver.cpp, line 773]
Event: 1.088 Thread 0x00000263ef4bb940 Exception <a 'java/lang/NoSuchMethodError'{0x0000000089fe7940}: 'void java.lang.invoke.DirectMethodHandle$Holder.invokeSpecial(java.lang.Object, java.lang.Object, double)'> (0x0000000089fe7940) 
thrown [s\open\src\hotspot\share\interpreter\linkResolver.cpp, line 773]
Event: 1.089 Thread 0x00000263ef4bb940 Exception <a 'java/lang/NoSuchMethodError'{0x0000000089ff1e68}: 'double java.lang.invoke.DelegatingMethodHandle$Holder.reinvoke_L(java.lang.Object, java.lang.Object, int)'> (0x0000000089ff1e68) 
thrown [s\open\src\hotspot\share\interpreter\linkResolver.cpp, line 773]
Event: 1.090 Thread 0x00000263ef4bb940 Exception <a 'java/lang/NoSuchMethodError'{0x0000000089ffbd88}: 'void java.lang.invoke.DelegatingMethodHandle$Holder.reinvoke_L(java.lang.Object, java.lang.Object, double)'> (0x0000000089ffbd88) 
thrown [s\open\src\hotspot\share\interpreter\linkResolver.cpp, line 773]
Event: 1.133 Thread 0x00000263ef4bb940 Exception <a 'sun/nio/fs/WindowsException'{0x0000000089a2f768}> (0x0000000089a2f768) 
thrown [s\open\src\hotspot\share\prims\jni.cpp, line 520]
Event: 1.153 Thread 0x00000263ef4bb940 Implicit null exception at 0x00000263ddf6ef97 to 0x00000263ddf6f4d4
Event: 1.232 Thread 0x00000263ef4bb940 Implicit null exception at 0x00000263ddf6e317 to 0x00000263ddf6e874
Event: 1.232 Thread 0x00000263ef4bb940 Implicit null exception at 0x00000263ddf1cdbd to 0x00000263ddf1ce41
Event: 1.243 Thread 0x00000263ef4bb940 Exception <a 'java/lang/NoSuchMethodError'{0x00000000893a7788}: 'int java.lang.invoke.DirectMethodHandle$Holder.invokeStaticInit(java.lang.Object, java.lang.Object)'> (0x00000000893a7788) 
thrown [s\open\src\hotspot\share\interpreter\linkResolver.cpp, line 773]
Event: 1.321 Thread 0x00000263ef4bb940 Exception <a 'java/lang/IncompatibleClassChangeError'{0x0000000088d77568}: Found class java.lang.Object, but interface was expected> (0x0000000088d77568) 
thrown [s\open\src\hotspot\share\interpreter\linkResolver.cpp, line 840]
Event: 1.389 Thread 0x00000263ef4bb940 Exception <a 'java/lang/NoSuchMethodError'{0x000000008ae1d948}: 'int java.lang.invoke.DirectMethodHandle$Holder.invokeSpecial(java.lang.Object, java.lang.Object, int)'> (0x000000008ae1d948) 
thrown [s\open\src\hotspot\share\interpreter\linkResolver.cpp, line 773]
Event: 1.404 Thread 0x00000263ef4bb940 Exception <a 'java/lang/NoSuchMethodError'{0x000000008aec6f68}: 'java.lang.Object java.lang.invoke.DirectMethodHandle$Holder.newInvokeSpecial(java.lang.Object, java.lang.Object, int)'> (0x000000008aec6f68) 
thrown [s\open\src\hotspot\share\interpreter\linkResolver.cpp, line 773]
Event: 1.419 Thread 0x00000263ef4bb940 Exception <a 'java/lang/NoSuchMethodError'{0x000000008aeeb9c0}: 'long java.lang.invoke.DirectMethodHandle$Holder.invokeStatic(java.lang.Object, java.lang.Object, java.lang.Object)'> (0x000000008aeeb9c0) 
thrown [s\open\src\hotspot\share\interpreter\linkResolver.cpp, line 773]
Event: 1.419 Thread 0x00000263ef4bb940 Exception <a 'java/lang/NoSuchMethodError'{0x000000008aeeed90}: 'long java.lang.invoke.DirectMethodHandle$Holder.invokeStaticInit(java.lang.Object, java.lang.Object, java.lang.Object)'> (0x000000008aeeed90) 
thrown [s\open\src\hotspot\share\interpreter\linkResolver.cpp, line 773]
Event: 1.421 Thread 0x00000263ef4bb940 Exception <a 'java/lang/NoSuchMethodError'{0x000000008ad124d8}: 'java.lang.Object java.lang.invoke.DirectMethodHandle$Holder.newInvokeSpecial(java.lang.Object, java.lang.Object, long)'> (0x000000008ad124d8) 
thrown [s\open\src\hotspot\share\interpreter\linkResolver.cpp, line 773]
Event: 1.421 Thread 0x00000263ef4bb940 Exception <a 'java/lang/NoSuchMethodError'{0x000000008ad15dd0}: 'java.lang.Object java.lang.invoke.Invokers$Holder.linkToTargetMethod(java.lang.Object, long, java.lang.Object)'> (0x000000008ad15dd0) 
thrown [s\open\src\hotspot\share\interpreter\linkResolver.cpp, line 773]
Event: 10.569 Thread 0x00000263ef0c2c40 Exception <a 'java/lang/NoSuchMethodError'{0x000000008a9a40a8}: 'java.lang.Object java.lang.invoke.DirectMethodHandle$Holder.invokeStaticInit(java.lang.Object, int)'> (0x000000008a9a40a8) 
thrown [s\open\src\hotspot\share\interpreter\linkResolver.cpp, line 773]

ZGC Phase Switch (0 events):
No events

VM Operations (20 events):
Event: 4.364 Executing VM operation: Cleanup
Event: 4.364 Executing VM operation: Cleanup done
Event: 5.364 Executing VM operation: Cleanup
Event: 5.364 Executing VM operation: Cleanup done
Event: 6.364 Executing VM operation: Cleanup
Event: 6.364 Executing VM operation: Cleanup done
Event: 7.364 Executing VM operation: Cleanup
Event: 7.365 Executing VM operation: Cleanup done
Event: 8.365 Executing VM operation: Cleanup
Event: 8.366 Executing VM operation: Cleanup done
Event: 9.366 Executing VM operation: Cleanup
Event: 9.366 Executing VM operation: Cleanup done
Event: 10.367 Executing VM operation: Cleanup
Event: 10.367 Executing VM operation: Cleanup done
Event: 10.536 Executing VM operation: HandshakeAllThreads (Deoptimize)
Event: 10.537 Executing VM operation: HandshakeAllThreads (Deoptimize) done
Event: 10.677 Executing VM operation: ICBufferFull
Event: 10.678 Executing VM operation: ICBufferFull done
Event: 11.678 Executing VM operation: Cleanup
Event: 11.678 Executing VM operation: Cleanup done

Events (20 events):
Event: 0.029 Thread 0x00000263cbb3cca0 Thread added: 0x00000263cbb3cca0
Event: 0.047 Thread 0x00000263ea8aefb0 Thread added: 0x00000263ea8aefb0
Event: 0.047 Thread 0x00000263ea8b0180 Thread added: 0x00000263ea8b0180
Event: 0.047 Thread 0x00000263ea8b3d20 Thread added: 0x00000263ea8b3d20
Event: 0.047 Thread 0x00000263ea8b4dd0 Thread added: 0x00000263ea8b4dd0
Event: 0.047 Thread 0x00000263ea8b9220 Thread added: 0x00000263ea8b9220
Event: 0.047 Thread 0x00000263ea8bb5e0 Thread added: 0x00000263ea8bb5e0
Event: 0.047 Thread 0x00000263ea8ed420 Thread added: 0x00000263ea8ed420
Event: 0.047 Thread 0x00000263ea8edff0 Thread added: 0x00000263ea8edff0
Event: 0.076 Thread 0x00000263eaafec10 Thread added: 0x00000263eaafec10
Event: 0.161 Thread 0x00000263eab54380 Thread added: 0x00000263eab54380
Event: 0.230 Thread 0x00000263eacbe7e0 Thread added: 0x00000263eacbe7e0
Event: 0.230 Thread 0x00000263eace61d0 Thread added: 0x00000263eace61d0
Event: 0.252 Thread 0x00000263eacc54e0 Thread added: 0x00000263eacc54e0
Event: 0.571 Thread 0x00000263ef0c2c40 Thread added: 0x00000263ef0c2c40
Event: 0.655 Thread 0x00000263ef5c7600 Thread added: 0x00000263ef5c7600
Event: 0.659 Thread 0x00000263ef4bb940 Thread added: 0x00000263ef4bb940
Event: 0.743 Thread 0x00000263ef7fe2d0 Thread added: 0x00000263ef7fe2d0
Event: 1.356 Thread 0x00000263f54f7520 Thread added: 0x00000263f54f7520
Event: 1.512 Thread 0x00000263eab54380 Thread exited: 0x00000263eab54380


Dynamic libraries:
0x00007ff74b570000 - 0x00007ff74b57e000 	C:\Users\lenap\.jdks\openjdk-21.0.2\bin\java.exe
0x00007fff76c90000 - 0x00007fff76ea7000 	C:\WINDOWS\SYSTEM32\ntdll.dll
0x00007fff75590000 - 0x00007fff75654000 	C:\WINDOWS\System32\KERNEL32.DLL
0x00007fff741c0000 - 0x00007fff7457a000 	C:\WINDOWS\System32\KERNELBASE.dll
0x00007fff74770000 - 0x00007fff74881000 	C:\WINDOWS\System32\ucrtbase.dll
0x00007fff6e2f0000 - 0x00007fff6e308000 	C:\Users\lenap\.jdks\openjdk-21.0.2\bin\jli.dll
0x00007fff6e2b0000 - 0x00007fff6e2cb000 	C:\Users\lenap\.jdks\openjdk-21.0.2\bin\VCRUNTIME140.dll
0x00007fff74c20000 - 0x00007fff74dce000 	C:\WINDOWS\System32\USER32.dll
0x00007fff74960000 - 0x00007fff74986000 	C:\WINDOWS\System32\win32u.dll
0x00007fff5a050000 - 0x00007fff5a2e2000 	C:\WINDOWS\WinSxS\amd64_microsoft.windows.common-controls_6595b64144ccf1df_6.0.22621.4541_none_2710d1c57384c085\COMCTL32.dll
0x00007fff753d0000 - 0x00007fff753f9000 	C:\WINDOWS\System32\GDI32.dll
0x00007fff75bb0000 - 0x00007fff75c57000 	C:\WINDOWS\System32\msvcrt.dll
0x00007fff73f60000 - 0x00007fff7407b000 	C:\WINDOWS\System32\gdi32full.dll
0x00007fff74890000 - 0x00007fff7492a000 	C:\WINDOWS\System32\msvcp_win.dll
0x00007fff75400000 - 0x00007fff75431000 	C:\WINDOWS\System32\IMM32.DLL
0x00007fff74990000 - 0x00007fff749ee000 	C:\WINDOWS\System32\SHLWAPI.dll
0x00007fff47600000 - 0x00007fff47650000 	C:\WINDOWS\SYSTEM32\pdh.dll
0x00007fff74a10000 - 0x00007fff74b24000 	C:\WINDOWS\System32\RPCRT4.dll
0x00007fff76b80000 - 0x00007fff76c32000 	C:\WINDOWS\System32\advapi32.dll
0x00007fff75440000 - 0x00007fff754e7000 	C:\WINDOWS\System32\sechost.dll
0x00007fff74930000 - 0x00007fff74958000 	C:\WINDOWS\System32\bcrypt.dll
0x00007fff6e2a0000 - 0x00007fff6e2ac000 	C:\Users\lenap\.jdks\openjdk-21.0.2\bin\vcruntime140_1.dll
0x00007fff6a020000 - 0x00007fff6a0ae000 	C:\Users\lenap\.jdks\openjdk-21.0.2\bin\msvcp140.dll
0x00007ffef1f20000 - 0x00007ffef2c37000 	C:\Users\lenap\.jdks\openjdk-21.0.2\bin\server\jvm.dll
0x00007fff76930000 - 0x00007fff769a1000 	C:\WINDOWS\System32\WS2_32.dll
0x00007fff737e0000 - 0x00007fff7382d000 	C:\WINDOWS\SYSTEM32\POWRPROF.dll
0x00007fff71bf0000 - 0x00007fff71c24000 	C:\WINDOWS\SYSTEM32\WINMM.dll
0x00007fff6bf20000 - 0x00007fff6bf2a000 	C:\WINDOWS\SYSTEM32\VERSION.dll
0x00007fff737c0000 - 0x00007fff737d3000 	C:\WINDOWS\SYSTEM32\UMPDC.dll
0x00007fff72fa0000 - 0x00007fff72fb8000 	C:\WINDOWS\SYSTEM32\kernel.appcore.dll
0x00007fff6e290000 - 0x00007fff6e29a000 	C:\Users\lenap\.jdks\openjdk-21.0.2\bin\jimage.dll
0x00007fff71720000 - 0x00007fff71952000 	C:\WINDOWS\SYSTEM32\DBGHELP.DLL
0x00007fff75820000 - 0x00007fff75baf000 	C:\WINDOWS\System32\combase.dll
0x00007fff74b40000 - 0x00007fff74c17000 	C:\WINDOWS\System32\OLEAUT32.dll
0x00007fff45e60000 - 0x00007fff45e92000 	C:\WINDOWS\SYSTEM32\dbgcore.DLL
0x00007fff74140000 - 0x00007fff741bb000 	C:\WINDOWS\System32\bcryptPrimitives.dll
0x00007fff6dd40000 - 0x00007fff6dd4f000 	C:\Users\lenap\.jdks\openjdk-21.0.2\bin\instrument.dll
0x00007fff6c1e0000 - 0x00007fff6c1ff000 	C:\Users\lenap\.jdks\openjdk-21.0.2\bin\java.dll
0x00007fff760a0000 - 0x00007fff76918000 	C:\WINDOWS\System32\SHELL32.dll
0x00007fff71ea0000 - 0x00007fff727a8000 	C:\WINDOWS\SYSTEM32\windows.storage.dll
0x00007fff71d60000 - 0x00007fff71e9f000 	C:\WINDOWS\SYSTEM32\wintypes.dll
0x00007fff75df0000 - 0x00007fff75eea000 	C:\WINDOWS\System32\SHCORE.dll
0x00007fff73e90000 - 0x00007fff73ebb000 	C:\WINDOWS\SYSTEM32\profapi.dll
0x00007fff684c0000 - 0x00007fff68597000 	C:\Users\lenap\.jdks\openjdk-21.0.2\bin\jsvml.dll
0x00007fff6c1b0000 - 0x00007fff6c1c0000 	C:\Users\lenap\.jdks\openjdk-21.0.2\bin\net.dll
0x00007fff6e830000 - 0x00007fff6e966000 	C:\WINDOWS\SYSTEM32\WINHTTP.dll
0x00007fff73420000 - 0x00007fff73489000 	C:\WINDOWS\system32\mswsock.dll
0x00007fff6a8d0000 - 0x00007fff6a8e6000 	C:\Users\lenap\.jdks\openjdk-21.0.2\bin\nio.dll
0x00007fff6a8b0000 - 0x00007fff6a8c8000 	C:\Users\lenap\.jdks\openjdk-21.0.2\bin\zip.dll
0x00007fff6dd20000 - 0x00007fff6dd3a000 	D:\IntelliJ IDEA Community Edition 2024.3\bin\breakgen64.dll
0x00000263cdf90000 - 0x00000263cdf93000 	C:\Users\lenap\.openjfx\cache\17.0.0.1\api-ms-win-core-console-l1-1-0.dll
0x00000263eae10000 - 0x00000263eae13000 	C:\Users\lenap\.openjfx\cache\17.0.0.1\api-ms-win-core-console-l1-2-0.dll
0x00000263eae20000 - 0x00000263eae23000 	C:\Users\lenap\.openjfx\cache\17.0.0.1\api-ms-win-core-datetime-l1-1-0.dll
0x00000263eae30000 - 0x00000263eae33000 	C:\Users\lenap\.openjfx\cache\17.0.0.1\api-ms-win-core-debug-l1-1-0.dll
0x00000263eae70000 - 0x00000263eae73000 	C:\Users\lenap\.openjfx\cache\17.0.0.1\api-ms-win-core-errorhandling-l1-1-0.dll
0x00000263eae80000 - 0x00000263eae84000 	C:\Users\lenap\.openjfx\cache\17.0.0.1\api-ms-win-core-file-l1-1-0.dll
0x00000263eae90000 - 0x00000263eae93000 	C:\Users\lenap\.openjfx\cache\17.0.0.1\api-ms-win-core-file-l1-2-0.dll
0x00000263eaea0000 - 0x00000263eaea3000 	C:\Users\lenap\.openjfx\cache\17.0.0.1\api-ms-win-core-file-l2-1-0.dll
0x00000263eaeb0000 - 0x00000263eaeb3000 	C:\Users\lenap\.openjfx\cache\17.0.0.1\api-ms-win-core-handle-l1-1-0.dll
0x00000263eaec0000 - 0x00000263eaec3000 	C:\Users\lenap\.openjfx\cache\17.0.0.1\api-ms-win-core-heap-l1-1-0.dll
0x00000263eaed0000 - 0x00000263eaed3000 	C:\Users\lenap\.openjfx\cache\17.0.0.1\api-ms-win-core-interlocked-l1-1-0.dll
0x00000263eaee0000 - 0x00000263eaee3000 	C:\Users\lenap\.openjfx\cache\17.0.0.1\api-ms-win-core-libraryloader-l1-1-0.dll
0x00000263eaef0000 - 0x00000263eaef3000 	C:\Users\lenap\.openjfx\cache\17.0.0.1\api-ms-win-core-localization-l1-2-0.dll
0x00000263eaf00000 - 0x00000263eaf03000 	C:\Users\lenap\.openjfx\cache\17.0.0.1\api-ms-win-core-memory-l1-1-0.dll
0x00000263eaf10000 - 0x00000263eaf13000 	C:\Users\lenap\.openjfx\cache\17.0.0.1\api-ms-win-core-namedpipe-l1-1-0.dll
0x00000263eaf20000 - 0x00000263eaf23000 	C:\Users\lenap\.openjfx\cache\17.0.0.1\api-ms-win-core-processenvironment-l1-1-0.dll
0x00000263eaf30000 - 0x00000263eaf33000 	C:\Users\lenap\.openjfx\cache\17.0.0.1\api-ms-win-core-processthreads-l1-1-0.dll
0x00000263eaf40000 - 0x00000263eaf43000 	C:\Users\lenap\.openjfx\cache\17.0.0.1\api-ms-win-core-processthreads-l1-1-1.dll
0x00000263eaf50000 - 0x00000263eaf53000 	C:\Users\lenap\.openjfx\cache\17.0.0.1\api-ms-win-core-profile-l1-1-0.dll
0x00000263eaf60000 - 0x00000263eaf63000 	C:\Users\lenap\.openjfx\cache\17.0.0.1\api-ms-win-core-rtlsupport-l1-1-0.dll
0x00000263eaf70000 - 0x00000263eaf73000 	C:\Users\lenap\.openjfx\cache\17.0.0.1\api-ms-win-core-string-l1-1-0.dll
0x00000263eaf80000 - 0x00000263eaf83000 	C:\Users\lenap\.openjfx\cache\17.0.0.1\api-ms-win-core-synch-l1-1-0.dll
0x00000263eaf90000 - 0x00000263eaf93000 	C:\Users\lenap\.openjfx\cache\17.0.0.1\api-ms-win-core-synch-l1-2-0.dll
0x00000263eafa0000 - 0x00000263eafa3000 	C:\Users\lenap\.openjfx\cache\17.0.0.1\api-ms-win-core-sysinfo-l1-1-0.dll
0x00000263eafb0000 - 0x00000263eafb3000 	C:\Users\lenap\.openjfx\cache\17.0.0.1\api-ms-win-core-timezone-l1-1-0.dll
0x00000263eafc0000 - 0x00000263eafc3000 	C:\Users\lenap\.openjfx\cache\17.0.0.1\api-ms-win-core-util-l1-1-0.dll
0x00000263eafd0000 - 0x00000263eafd3000 	C:\Users\lenap\.openjfx\cache\17.0.0.1\api-ms-win-crt-conio-l1-1-0.dll
0x00000263eafe0000 - 0x00000263eafe4000 	C:\Users\lenap\.openjfx\cache\17.0.0.1\api-ms-win-crt-convert-l1-1-0.dll
0x00000263eaff0000 - 0x00000263eaff3000 	C:\Users\lenap\.openjfx\cache\17.0.0.1\api-ms-win-crt-environment-l1-1-0.dll
0x00000263ef800000 - 0x00000263ef803000 	C:\Users\lenap\.openjfx\cache\17.0.0.1\api-ms-win-crt-filesystem-l1-1-0.dll
0x00000263ef810000 - 0x00000263ef813000 	C:\Users\lenap\.openjfx\cache\17.0.0.1\api-ms-win-crt-heap-l1-1-0.dll
0x00000263ef820000 - 0x00000263ef823000 	C:\Users\lenap\.openjfx\cache\17.0.0.1\api-ms-win-crt-locale-l1-1-0.dll
0x00000263ef830000 - 0x00000263ef835000 	C:\Users\lenap\.openjfx\cache\17.0.0.1\api-ms-win-crt-math-l1-1-0.dll
0x00000263ef840000 - 0x00000263ef845000 	C:\Users\lenap\.openjfx\cache\17.0.0.1\api-ms-win-crt-multibyte-l1-1-0.dll
0x00000263ef850000 - 0x00000263ef860000 	C:\Users\lenap\.openjfx\cache\17.0.0.1\api-ms-win-crt-private-l1-1-0.dll
0x00000263ef860000 - 0x00000263ef863000 	C:\Users\lenap\.openjfx\cache\17.0.0.1\api-ms-win-crt-process-l1-1-0.dll
0x00000263ef870000 - 0x00000263ef874000 	C:\Users\lenap\.openjfx\cache\17.0.0.1\api-ms-win-crt-runtime-l1-1-0.dll
0x00000263ef880000 - 0x00000263ef884000 	C:\Users\lenap\.openjfx\cache\17.0.0.1\api-ms-win-crt-stdio-l1-1-0.dll
0x00000263ef890000 - 0x00000263ef894000 	C:\Users\lenap\.openjfx\cache\17.0.0.1\api-ms-win-crt-string-l1-1-0.dll
0x00000263ef8a0000 - 0x00000263ef8a3000 	C:\Users\lenap\.openjfx\cache\17.0.0.1\api-ms-win-crt-time-l1-1-0.dll
0x00000263ef8b0000 - 0x00000263ef8b3000 	C:\Users\lenap\.openjfx\cache\17.0.0.1\api-ms-win-crt-utility-l1-1-0.dll
0x00007fff65ac0000 - 0x00007fff65bbc000 	C:\Users\lenap\.openjfx\cache\17.0.0.1\ucrtbase.dll
0x00007fff6a2e0000 - 0x00007fff6a2fa000 	C:\Users\lenap\.openjfx\cache\17.0.0.1\vcruntime140.dll
0x00007fff6dd10000 - 0x00007fff6dd1c000 	C:\Users\lenap\.openjfx\cache\17.0.0.1\vcruntime140_1.dll
0x00007fff5fe10000 - 0x00007fff5fe9d000 	C:\Users\lenap\.openjfx\cache\17.0.0.1\msvcp140.dll
0x00007fff69360000 - 0x00007fff6938a000 	C:\Users\lenap\.openjfx\cache\17.0.0.1\prism_d3d.dll
0x00007fff31870000 - 0x00007fff31a18000 	C:\WINDOWS\system32\d3d9.dll
0x00007fff708c0000 - 0x00007fff708eb000 	C:\WINDOWS\SYSTEM32\dwmapi.dll
0x00007fff70b90000 - 0x00007fff70bc7000 	C:\WINDOWS\SYSTEM32\dxcore.dll
0x00007fff705d0000 - 0x00007fff70681000 	C:\WINDOWS\system32\uxtheme.dll
0x00007fff2a370000 - 0x00007fff2a4d5000 	C:\WINDOWS\System32\DriverStore\FileRepository\iigd_dch.inf_amd64_5dc1a2977f07512e\igdumdim64.dll
0x00007fff75ef0000 - 0x00007fff76095000 	C:\WINDOWS\System32\ole32.dll
0x00007fff1fa30000 - 0x00007fff236bb000 	C:\WINDOWS\System32\DriverStore\FileRepository\iigd_dch.inf_amd64_5dc1a2977f07512e\igd9dxva64.dll
0x00007fff74f50000 - 0x00007fff753c4000 	C:\WINDOWS\System32\SETUPAPI.dll
0x00007fff73c50000 - 0x00007fff73c9e000 	C:\WINDOWS\SYSTEM32\cfgmgr32.dll
0x00007fff640f0000 - 0x00007fff64426000 	C:\WINDOWS\System32\DriverStore\FileRepository\iigd_dch.inf_amd64_5dc1a2977f07512e\igdgmm64.dll
0x00007fff696d0000 - 0x00007fff69719000 	C:\WINDOWS\SYSTEM32\directxdatabasehelper.dll
0x00007fff68470000 - 0x00007fff684b2000 	C:\Users\lenap\.openjfx\cache\17.0.0.1\glass.dll
0x00007fff74de0000 - 0x00007fff74ee0000 	C:\WINDOWS\System32\COMDLG32.dll
0x00007fff76a10000 - 0x00007fff76b71000 	C:\WINDOWS\System32\MSCTF.dll
0x00007fff5d930000 - 0x00007fff5d957000 	C:\WINDOWS\System32\DriverStore\FileRepository\iigd_dch.inf_amd64_5dc1a2977f07512e\igdinfo64.dll
0x00007fff61160000 - 0x00007fff63eef000 	C:\WINDOWS\System32\DriverStore\FileRepository\iigd_dch.inf_amd64_5dc1a2977f07512e\igc64.dll
0x00007fff6a2c0000 - 0x00007fff6a2d4000 	C:\Users\lenap\.openjfx\cache\17.0.0.1\javafx_font.dll
0x00007fff711c0000 - 0x00007fff71433000 	C:\WINDOWS\SYSTEM32\dwrite.dll
0x00007fff75c60000 - 0x00007fff75d10000 	C:\WINDOWS\System32\clbcatq.dll
0x00007fff703c0000 - 0x00007fff70570000 	C:\WINDOWS\SYSTEM32\WindowsCodecs.dll
0x00007fff673d0000 - 0x00007fff6742e000 	C:\WINDOWS\system32\dataexchange.dll
0x00007fff663b0000 - 0x00007fff66654000 	C:\WINDOWS\system32\twinapi.appcore.dll
0x00007fff662f0000 - 0x00007fff66322000 	C:\Program Files\Common Files\Microsoft Shared\Ink\rtscom.dll
0x00007fff6a0b0000 - 0x00007fff6a1f5000 	C:\WINDOWS\SYSTEM32\textinputframework.dll
0x00007fff6b450000 - 0x00007fff6b583000 	C:\WINDOWS\SYSTEM32\CoreMessaging.dll
0x00007fff69bd0000 - 0x00007fff69f3d000 	C:\WINDOWS\SYSTEM32\CoreUIComponents.dll
0x00007fff73690000 - 0x00007fff7369c000 	C:\WINDOWS\SYSTEM32\CRYPTBASE.DLL
0x00007fff59da0000 - 0x00007fff59deb000 	C:\WINDOWS\system32\ApplicationTargetedFeatureDatabase.dll

dbghelp: loaded successfully - version: 4.0.5 - missing functions: none
symbol engine: initialized successfully - sym options: 0x614 - pdb path: .;C:\Users\lenap\.jdks\openjdk-21.0.2\bin;C:\WINDOWS\SYSTEM32;C:\WINDOWS\WinSxS\amd64_microsoft.windows.common-controls_6595b64144ccf1df_6.0.22621.4541_none_2710d1c57384c085;C:\Users\lenap\.jdks\openjdk-21.0.2\bin\server;D:\IntelliJ IDEA Community Edition 2024.3\bin;C:\Users\lenap\.openjfx\cache\17.0.0.1;C:\WINDOWS\System32\DriverStore\FileRepository\iigd_dch.inf_amd64_5dc1a2977f07512e;C:\Program Files\Common Files\Microsoft Shared\Ink

VM Arguments:
jvm_args: -javaagent:D:\IntelliJ IDEA Community Edition 2024.3\lib\idea_rt.jar=53864:D:\IntelliJ IDEA Community Edition 2024.3\bin -Dfile.encoding=UTF-8 -Dsun.stdout.encoding=UTF-8 -Dsun.stderr.encoding=UTF-8 --module-path=C:\Users\lenap\.m2\repository\org\openjfx\javafx-base\17.0.0.1\javafx-base-17.0.0.1-win.jar;C:\Users\lenap\OneDrive\Рабочий стол\проекты Java\Task4\Simple3DViewer\target\classes;C:\Users\lenap\.m2\repository\org\openjfx\javafx-controls\17.0.0.1\javafx-controls-17.0.0.1-win.jar;C:\Users\lenap\.m2\repository\org\openjfx\javafx-fxml\17.0.0.1\javafx-fxml-17.0.0.1-win.jar;C:\Users\lenap\.m2\repository\org\openjfx\javafx-graphics\17.0.0.1\javafx-graphics-17.0.0.1-win.jar;C:\Users\lenap\.m2\repository\java3d\vecmath\1.3.1\vecmath-1.3.1.jar -Djdk.module.main=com.cgvsu 
java_command: com.cgvsu/com.cgvsu.Main
java_class_path (initial): C:\Users\lenap\.m2\repository\org\openjfx\javafx-controls\17.0.0.1\javafx-controls-17.0.0.1.jar;C:\Users\lenap\.m2\repository\org\openjfx\javafx-graphics\17.0.0.1\javafx-graphics-17.0.0.1.jar;C:\Users\lenap\.m2\repository\org\openjfx\javafx-base\17.0.0.1\javafx-base-17.0.0.1.jar;C:\Users\lenap\.m2\repository\org\openjfx\javafx-fxml\17.0.0.1\javafx-fxml-17.0.0.1.jar
Launcher Type: SUN_STANDARD

[Global flags]
     intx CICompilerCount                          = 4                                         {product} {ergonomic}
     uint ConcGCThreads                            = 2                                         {product} {ergonomic}
     uint G1ConcRefinementThreads                  = 8                                         {product} {ergonomic}
   size_t G1HeapRegionSize                         = 1048576                                   {product} {ergonomic}
    uintx GCDrainStackTargetSize                   = 64                                        {product} {ergonomic}
   size_t InitialHeapSize                          = 132120576                                 {product} {ergonomic}
   size_t MarkStackSize                            = 4194304                                   {product} {ergonomic}
   size_t MaxHeapSize                              = 2095054848                                {product} {ergonomic}
   size_t MaxNewSize                               = 1256194048                                {product} {ergonomic}
   size_t MinHeapDeltaBytes                        = 1048576                                   {product} {ergonomic}
   size_t MinHeapSize                              = 8388608                                   {product} {ergonomic}
    uintx NonNMethodCodeHeapSize                   = 5839372                                {pd product} {ergonomic}
    uintx NonProfiledCodeHeapSize                  = 122909434                              {pd product} {ergonomic}
    uintx ProfiledCodeHeapSize                     = 122909434                              {pd product} {ergonomic}
    uintx ReservedCodeCacheSize                    = 251658240                              {pd product} {ergonomic}
     bool SegmentedCodeCache                       = true                                      {product} {ergonomic}
   size_t SoftMaxHeapSize                          = 2095054848                             {manageable} {ergonomic}
     bool UseCompressedOops                        = true                           {product lp64_product} {ergonomic}
     bool UseG1GC                                  = true                                      {product} {ergonomic}
     bool UseLargePagesIndividualAllocation        = false                                  {pd product} {ergonomic}

Logging:
Log output configuration:
 #0: stdout all=warning uptime,level,tags foldmultilines=false
 #1: stderr all=off uptime,level,tags foldmultilines=false

Environment Variables:
PATH=C:\ProgramData\Oracle\Java\javapath;C:\Program Files\Common Files\Oracle\Java\javapath;C:\Windows\System32\HWAudioDriverLibs;C:\Windows\system32;C:\Windows;C:\Windows\System32\Wbem;C:\Windows\System32\WindowsPowerShell\v1.0\;C:\Windows\System32\OpenSSH\;C:\Windows\system32\config\systemprofile\AppData\Local\Microsoft\WindowsApps;C:\WINDOWS\system32;C:\WINDOWS;C:\WINDOWS\System32\Wbem;C:\WINDOWS\System32\WindowsPowerShell\v1.0\;C:\WINDOWS\System32\OpenSSH\;C:\Program Files (x86)\Windows Kits\10\Windows Performance Toolkit\;C:\Program Files (x86)\ZeroTier\One\;C:\Program Files\Git\cmd;C:\Users\lenap\AppData\Local\Programs\Python\Python310\Scripts\;C:\Users\lenap\AppData\Local\Programs\Python\Python310\;C:\Users\lenap\AppData\Local\Microsoft\WindowsApps;;C:\Program Files\JetBrains\IntelliJ IDEA 2023.3.2\bin;;C:\Program Files\JetBrains\IntelliJ IDEA Community Edition 2023.3.4\bin;;D:\IntelliJ IDEA Community Edition 2024.3\bin;
USERNAME=lenap
OS=Windows_NT
PROCESSOR_IDENTIFIER=Intel64 Family 6 Model 140 Stepping 1, GenuineIntel
TMP=C:\Users\lenap\AppData\Local\Temp
TEMP=C:\Users\lenap\AppData\Local\Temp




Periodic native trim disabled

---------------  S Y S T E M  ---------------

OS:
 Windows 11 , 64 bit Build 22621 (10.0.22621.4391)
OS uptime: 5 days 8:47 hours

CPU: total 8 (initial active 8) (4 cores per cpu, 2 threads per core) family 6 model 140 stepping 1 microcode 0x8a, cx8, cmov, fxsr, ht, mmx, 3dnowpref, sse, sse2, sse3, ssse3, sse4.1, sse4.2, popcnt, lzcnt, tsc, tscinvbit, avx, avx2, aes, erms, clmul, bmi1, bmi2, adx, avx512f, avx512dq, avx512cd, avx512bw, avx512vl, sha, fma, vzeroupper, avx512_vpopcntdq, avx512_vpclmulqdq, avx512_vaes, avx512_vnni, clflush, clflushopt, clwb, avx512_vbmi2, avx512_vbmi, rdtscp, rdpid, fsrm, gfni, avx512_bitalg, f16c, pku, cet_ibt, cet_ss, avx512_ifma
Processor Information for processor 0
  Max Mhz: 2419, Current Mhz: 1511, Mhz Limit: 2419
Processor Information for processor 1
  Max Mhz: 2419, Current Mhz: 2419, Mhz Limit: 2419
Processor Information for processor 2
  Max Mhz: 2419, Current Mhz: 1511, Mhz Limit: 2419
Processor Information for processor 3
  Max Mhz: 2419, Current Mhz: 2419, Mhz Limit: 2419
Processor Information for processor 4
  Max Mhz: 2419, Current Mhz: 2419, Mhz Limit: 2419
Processor Information for processor 5
  Max Mhz: 2419, Current Mhz: 2419, Mhz Limit: 2419
Processor Information for processor 6
  Max Mhz: 2419, Current Mhz: 2419, Mhz Limit: 2419
Processor Information for processor 7
  Max Mhz: 2419, Current Mhz: 2419, Mhz Limit: 2419

Memory: 4k page, system-wide physical 7991M (375M free)
TotalPageFile size 32567M (AvailPageFile size 5M)
current process WorkingSet (physical memory assigned to process): 169M, peak: 169M
current process commit charge ("private bytes"): 284M, peak: 284M

vm_info: OpenJDK 64-Bit Server VM (21.0.2+13-58) for windows-amd64 JRE (21.0.2+13-58), built on 2024-01-05T18:32:24Z by "mach5one" with MS VC++ 17.1 (VS2022)

END.
