#
# There is insufficient memory for the Java Runtime Environment to continue.
# Native memory allocation (malloc) failed to allocate 111856 bytes for Chunk::new
# Possible reasons:
#   The system is out of physical RAM or swap space
#   The process is running with CompressedOops enabled, and the Java Heap may be blocking the growth of the native heap
# Possible solutions:
#   Reduce memory load on the system
#   Increase physical memory or swap space
#   Check if swap backing store is full
#   Decrease Java heap size (-Xmx/-Xms)
#   Decrease number of Java threads
#   Decrease Java thread stack sizes (-Xss)
#   Set larger code cache with -XX:ReservedCodeCacheSize=
#   JVM is running with Unscaled Compressed Oops mode in which the Java heap is
#     placed in the first 4GB address space. The Java Heap base address is the
#     maximum limit for the native heap growth. Please use -XX:HeapBaseMinAddress
#     to set the Java Heap base and to place the Java Heap above 4GB virtual address.
# This output file may be truncated or incomplete.
#
#  Out of Memory Error (arena.cpp:168), pid=5204, tid=11932
#
# JRE version: OpenJDK Runtime Environment (21.0.2+13) (build 21.0.2+13-58)
# Java VM: OpenJDK 64-Bit Server VM (21.0.2+13-58, mixed mode, sharing, tiered, compressed oops, compressed class ptrs, g1 gc, windows-amd64)
# No core dump will be written. Minidumps are not enabled by default on client versions of Windows
#

---------------  S U M M A R Y ------------

Command Line: -javaagent:D:\IntelliJ IDEA Community Edition 2024.3\lib\idea_rt.jar=61023:D:\IntelliJ IDEA Community Edition 2024.3\bin -Dfile.encoding=UTF-8 -Dsun.stdout.encoding=UTF-8 -Dsun.stderr.encoding=UTF-8 --module-path=C:\Users\lenap\.m2\repository\org\openjfx\javafx-fxml\17.0.0.1\javafx-fxml-17.0.0.1-win.jar;C:\Users\lenap\.m2\repository\org\openjfx\javafx-graphics\17.0.0.1\javafx-graphics-17.0.0.1-win.jar;C:\Users\lenap\.m2\repository\java3d\vecmath\1.3.1\vecmath-1.3.1.jar;C:\Users\lenap\.m2\repository\org\openjfx\javafx-base\17.0.0.1\javafx-base-17.0.0.1-win.jar;C:\Users\lenap\OneDrive\Рабочий стол\проекты Java\Task4\Simple3DViewer\target\classes;C:\Users\lenap\.m2\repository\org\openjfx\javafx-controls\17.0.0.1\javafx-controls-17.0.0.1-win.jar -Djdk.module.main=com.cgvsu com.cgvsu/com.cgvsu.Main

Host: 11th Gen Intel(R) Core(TM) i5-1135G7 @ 2.40GHz, 8 cores, 7G,  Windows 11 , 64 bit Build 22621 (10.0.22621.4391)
Time: Thu Dec 19 02:31:15 2024 RTZ 2 (s 11 , 64 bit Build 22621 (10.0.22621.4391) elapsed time: 153.796936 seconds (0d 0h 2m 33s)

---------------  T H R E A D  ---------------

Current thread (0x000001a2675de9d0):  JavaThread "C2 CompilerThread0" daemon [_thread_in_native, id=11932, stack(0x0000002e8d600000,0x0000002e8d700000) (1024K)]


Current CompileTask:
C2: 153797 4708       4       com.sun.glass.ui.View::notifyMouse (221 bytes)

Stack: [0x0000002e8d600000,0x0000002e8d700000]
Native frames: (J=compiled Java code, j=interpreted, Vv=VM code, C=native code)
V  [jvm.dll+0x6cade9]
V  [jvm.dll+0x8569c1]
V  [jvm.dll+0x858d2e]
V  [jvm.dll+0x859413]
V  [jvm.dll+0x280e56]
V  [jvm.dll+0xc3f3d]
V  [jvm.dll+0xc4473]
V  [jvm.dll+0x3b5bf2]
V  [jvm.dll+0x1e2013]
V  [jvm.dll+0x249d22]
V  [jvm.dll+0x2491b1]
V  [jvm.dll+0x1c9634]
V  [jvm.dll+0x258859]
V  [jvm.dll+0x256e3a]
V  [jvm.dll+0x3ef6c6]
V  [jvm.dll+0x7ff568]
V  [jvm.dll+0x6c953d]
C  [ucrtbase.dll+0x29333]
C  [KERNEL32.DLL+0x1259d]
C  [ntdll.dll+0x5af38]


---------------  P R O C E S S  ---------------

Threads class SMR info:
_java_thread_list=0x000001a271f142a0, length=19, elements={
0x000001a24ae00ea0, 0x000001a2675c84b0, 0x000001a2675c9cd0, 0x000001a2675cd2c0,
0x000001a2675d0180, 0x000001a2675d0cd0, 0x000001a2675d1c30, 0x000001a2675de9d0,
0x000001a2675df6d0, 0x000001a267828930, 0x000001a26c0697a0, 0x000001a2679ca0e0,
0x000001a26c056050, 0x000001a26c290510, 0x000001a26c481be0, 0x000001a26c477f80,
0x000001a26c753f70, 0x000001a271c9c3a0, 0x000001a271c9d750
}

Java Threads: ( => current thread )
  0x000001a24ae00ea0 JavaThread "main"                              [_thread_blocked, id=12844, stack(0x0000002e8c400000,0x0000002e8c500000) (1024K)]
  0x000001a2675c84b0 JavaThread "Reference Handler"          daemon [_thread_blocked, id=17044, stack(0x0000002e8d000000,0x0000002e8d100000) (1024K)]
  0x000001a2675c9cd0 JavaThread "Finalizer"                  daemon [_thread_blocked, id=8060, stack(0x0000002e8d100000,0x0000002e8d200000) (1024K)]
  0x000001a2675cd2c0 JavaThread "Signal Dispatcher"          daemon [_thread_blocked, id=4744, stack(0x0000002e8d200000,0x0000002e8d300000) (1024K)]
  0x000001a2675d0180 JavaThread "Attach Listener"            daemon [_thread_blocked, id=10056, stack(0x0000002e8d300000,0x0000002e8d400000) (1024K)]
  0x000001a2675d0cd0 JavaThread "Service Thread"             daemon [_thread_blocked, id=13512, stack(0x0000002e8d400000,0x0000002e8d500000) (1024K)]
  0x000001a2675d1c30 JavaThread "Monitor Deflation Thread"   daemon [_thread_blocked, id=3524, stack(0x0000002e8d500000,0x0000002e8d600000) (1024K)]
=>0x000001a2675de9d0 JavaThread "C2 CompilerThread0"         daemon [_thread_in_native, id=11932, stack(0x0000002e8d600000,0x0000002e8d700000) (1024K)]
  0x000001a2675df6d0 JavaThread "C1 CompilerThread0"         daemon [_thread_blocked, id=4988, stack(0x0000002e8d700000,0x0000002e8d800000) (1024K)]
  0x000001a267828930 JavaThread "Common-Cleaner"             daemon [_thread_blocked, id=6464, stack(0x0000002e8d800000,0x0000002e8d900000) (1024K)]
  0x000001a26c0697a0 JavaThread "Monitor Ctrl-Break"         daemon [_thread_in_native, id=21244, stack(0x0000002e8da00000,0x0000002e8db00000) (1024K)]
  0x000001a2679ca0e0 JavaThread "Notification Thread"        daemon [_thread_blocked, id=23776, stack(0x0000002e8db00000,0x0000002e8dc00000) (1024K)]
  0x000001a26c056050 JavaThread "JavaFX-Launcher"                   [_thread_blocked, id=6988, stack(0x0000002e8dc00000,0x0000002e8dd00000) (1024K)]
  0x000001a26c290510 JavaThread "QuantumRenderer-0"          daemon [_thread_in_native, id=19348, stack(0x0000002e8d900000,0x0000002e8da00000) (1024K)]
  0x000001a26c481be0 JavaThread "InvokeLaterDispatcher"      daemon [_thread_blocked, id=19508, stack(0x0000002e8dd00000,0x0000002e8de00000) (1024K)]
  0x000001a26c477f80 JavaThread "JavaFX Application Thread"         [_thread_in_Java, id=18536, stack(0x0000002e8de00000,0x0000002e8df00000) (1024K)]
  0x000001a26c753f70 JavaThread "Thread-2"                   daemon [_thread_in_native, id=14304, stack(0x0000002e8e200000,0x0000002e8e300000) (1024K)]
  0x000001a271c9c3a0 JavaThread "Prism Font Disposer"        daemon [_thread_blocked, id=22144, stack(0x0000002e8ee00000,0x0000002e8ef00000) (1024K)]
  0x000001a271c9d750 JavaThread "Cleaner-0"                  daemon [_thread_blocked, id=3908, stack(0x0000002e8eb00000,0x0000002e8ec00000) (1024K)]
Total: 19

Other Threads:
  0x000001a2675a4c90 VMThread "VM Thread"                           [id=11204, stack(0x0000002e8cf00000,0x0000002e8d000000) (1024K)]
  0x000001a26758b790 WatcherThread "VM Periodic Task Thread"        [id=2264, stack(0x0000002e8ce00000,0x0000002e8cf00000) (1024K)]
  0x000001a24ae57e10 WorkerThread "GC Thread#0"                     [id=19480, stack(0x0000002e8c900000,0x0000002e8ca00000) (1024K)]
  0x000001a26c730790 WorkerThread "GC Thread#1"                     [id=7192, stack(0x0000002e8e300000,0x0000002e8e400000) (1024K)]
  0x000001a26c6d8950 WorkerThread "GC Thread#2"                     [id=23892, stack(0x0000002e8e400000,0x0000002e8e500000) (1024K)]
  0x000001a26c703a70 WorkerThread "GC Thread#3"                     [id=10752, stack(0x0000002e8e500000,0x0000002e8e600000) (1024K)]
  0x000001a26c703e10 WorkerThread "GC Thread#4"                     [id=2456, stack(0x0000002e8e600000,0x0000002e8e700000) (1024K)]
  0x000001a26c7041b0 WorkerThread "GC Thread#5"                     [id=24260, stack(0x0000002e8e700000,0x0000002e8e800000) (1024K)]
  0x000001a27197f700 WorkerThread "GC Thread#6"                     [id=14136, stack(0x0000002e8ec00000,0x0000002e8ed00000) (1024K)]
  0x000001a27197faa0 WorkerThread "GC Thread#7"                     [id=292, stack(0x0000002e8ed00000,0x0000002e8ee00000) (1024K)]
  0x000001a24ae68960 ConcurrentGCThread "G1 Main Marker"            [id=21768, stack(0x0000002e8ca00000,0x0000002e8cb00000) (1024K)]
  0x000001a24ae6a870 WorkerThread "G1 Conc#0"                       [id=11684, stack(0x0000002e8cb00000,0x0000002e8cc00000) (1024K)]
  0x000001a26745ed60 ConcurrentGCThread "G1 Refine#0"               [id=20980, stack(0x0000002e8cc00000,0x0000002e8cd00000) (1024K)]
  0x000001a2674618e0 ConcurrentGCThread "G1 Service"                [id=20924, stack(0x0000002e8cd00000,0x0000002e8ce00000) (1024K)]
Total: 14

Threads with active compile tasks:
C2 CompilerThread0   153833 4708       4       com.sun.glass.ui.View::notifyMouse (221 bytes)
Total: 1

VM state: not at safepoint (normal execution)

VM Mutex/Monitor currently owned by a thread: None

Heap address: 0x0000000083200000, size: 1998 MB, Compressed Oops mode: 32-bit

CDS archive(s) mapped at: [0x000001a200000000-0x000001a200c90000-0x000001a200c90000), size 13172736, SharedBaseAddress: 0x000001a200000000, ArchiveRelocationMode: 1.
Compressed class space mapped at: 0x000001a201000000-0x000001a241000000, reserved size: 1073741824
Narrow klass base: 0x000001a200000000, Narrow klass shift: 0, Narrow klass range: 0x100000000

GC Precious Log:
 CardTable entry size: 512
 Card Set container configuration: InlinePtr #cards 5 size 8 Array Of Cards #cards 12 size 40 Howl #buckets 4 coarsen threshold 1843 Howl Bitmap #cards 512 size 80 coarsen threshold 460 Card regions per heap region 1 cards per card region 2048
 CPUs: 8 total, 8 available
 Memory: 7991M
 Large Page Support: Disabled
 NUMA Support: Disabled
 Compressed Oops: Enabled (32-bit)
 Heap Region Size: 1M
 Heap Min Capacity: 8M
 Heap Initial Capacity: 126M
 Heap Max Capacity: 1998M
 Pre-touch: Disabled
 Parallel Workers: 8
 Concurrent Workers: 2
 Concurrent Refinement Workers: 8
 Periodic GC: Disabled

Heap:
 garbage-first heap   total 129024K, used 44254K [0x0000000083200000, 0x0000000100000000)
  region size 1024K, 31 young (31744K), 1 survivors (1024K)
 Metaspace       used 18152K, committed 18496K, reserved 1114112K
  class space    used 2452K, committed 2624K, reserved 1048576K

Heap Regions: E=young(eden), S=young(survivor), O=old, HS=humongous(starts), HC=humongous(continues), CS=collection set, F=free, TAMS=top-at-mark-start, PB=parsable bottom
|   0|0x0000000083200000, 0x0000000083300000, 0x0000000083300000|100%| O|  |TAMS 0x0000000083200000| PB 0x0000000083200000| Untracked 
|   1|0x0000000083300000, 0x0000000083400000, 0x0000000083400000|100%|HS|  |TAMS 0x0000000083300000| PB 0x0000000083300000| Complete 
|   2|0x0000000083400000, 0x0000000083500000, 0x0000000083500000|100%|HC|  |TAMS 0x0000000083400000| PB 0x0000000083400000| Complete 
|   3|0x0000000083500000, 0x0000000083600000, 0x0000000083600000|100%| O|  |TAMS 0x0000000083500000| PB 0x0000000083500000| Untracked 
|   4|0x0000000083600000, 0x0000000083700000, 0x0000000083700000|100%| O|  |TAMS 0x0000000083600000| PB 0x0000000083600000| Untracked 
|   5|0x0000000083700000, 0x0000000083800000, 0x0000000083800000|100%| O|  |TAMS 0x0000000083700000| PB 0x0000000083700000| Untracked 
|   6|0x0000000083800000, 0x0000000083900000, 0x0000000083900000|100%| O|  |TAMS 0x0000000083800000| PB 0x0000000083800000| Untracked 
|   7|0x0000000083900000, 0x0000000083a00000, 0x0000000083a00000|100%| O|  |TAMS 0x0000000083900000| PB 0x0000000083900000| Untracked 
|   8|0x0000000083a00000, 0x0000000083b00000, 0x0000000083b00000|100%| O|  |TAMS 0x0000000083a00000| PB 0x0000000083a00000| Untracked 
|   9|0x0000000083b00000, 0x0000000083c00000, 0x0000000083c00000|100%| O|  |TAMS 0x0000000083b00000| PB 0x0000000083b00000| Untracked 
|  10|0x0000000083c00000, 0x0000000083d00000, 0x0000000083d00000|100%| O|  |TAMS 0x0000000083c00000| PB 0x0000000083c00000| Untracked 
|  11|0x0000000083d00000, 0x0000000083d00000, 0x0000000083e00000|  0%| F|  |TAMS 0x0000000083d00000| PB 0x0000000083d00000| Untracked 
|  12|0x0000000083e00000, 0x0000000083f00000, 0x0000000083f00000|100%| O|  |TAMS 0x0000000083e00000| PB 0x0000000083e00000| Untracked 
|  13|0x0000000083f00000, 0x0000000084000000, 0x0000000084000000|100%| O|  |TAMS 0x0000000083f00000| PB 0x0000000083f00000| Untracked 
|  14|0x0000000084000000, 0x00000000840daa18, 0x0000000084100000| 85%| O|  |TAMS 0x0000000084000000| PB 0x0000000084000000| Untracked 
|  15|0x0000000084100000, 0x0000000084100000, 0x0000000084200000|  0%| F|  |TAMS 0x0000000084100000| PB 0x0000000084100000| Untracked 
|  16|0x0000000084200000, 0x0000000084200000, 0x0000000084300000|  0%| F|  |TAMS 0x0000000084200000| PB 0x0000000084200000| Untracked 
|  17|0x0000000084300000, 0x0000000084300000, 0x0000000084400000|  0%| F|  |TAMS 0x0000000084300000| PB 0x0000000084300000| Untracked 
|  18|0x0000000084400000, 0x0000000084400000, 0x0000000084500000|  0%| F|  |TAMS 0x0000000084400000| PB 0x0000000084400000| Untracked 
|  19|0x0000000084500000, 0x0000000084500000, 0x0000000084600000|  0%| F|  |TAMS 0x0000000084500000| PB 0x0000000084500000| Untracked 
|  20|0x0000000084600000, 0x0000000084600000, 0x0000000084700000|  0%| F|  |TAMS 0x0000000084600000| PB 0x0000000084600000| Untracked 
|  21|0x0000000084700000, 0x0000000084700000, 0x0000000084800000|  0%| F|  |TAMS 0x0000000084700000| PB 0x0000000084700000| Untracked 
|  22|0x0000000084800000, 0x0000000084800000, 0x0000000084900000|  0%| F|  |TAMS 0x0000000084800000| PB 0x0000000084800000| Untracked 
|  23|0x0000000084900000, 0x0000000084900000, 0x0000000084a00000|  0%| F|  |TAMS 0x0000000084900000| PB 0x0000000084900000| Untracked 
|  24|0x0000000084a00000, 0x0000000084a00000, 0x0000000084b00000|  0%| F|  |TAMS 0x0000000084a00000| PB 0x0000000084a00000| Untracked 
|  25|0x0000000084b00000, 0x0000000084b00000, 0x0000000084c00000|  0%| F|  |TAMS 0x0000000084b00000| PB 0x0000000084b00000| Untracked 
|  26|0x0000000084c00000, 0x0000000084c00000, 0x0000000084d00000|  0%| F|  |TAMS 0x0000000084c00000| PB 0x0000000084c00000| Untracked 
|  27|0x0000000084d00000, 0x0000000084d00000, 0x0000000084e00000|  0%| F|  |TAMS 0x0000000084d00000| PB 0x0000000084d00000| Untracked 
|  28|0x0000000084e00000, 0x0000000084e00000, 0x0000000084f00000|  0%| F|  |TAMS 0x0000000084e00000| PB 0x0000000084e00000| Untracked 
|  29|0x0000000084f00000, 0x0000000084f00000, 0x0000000085000000|  0%| F|  |TAMS 0x0000000084f00000| PB 0x0000000084f00000| Untracked 
|  30|0x0000000085000000, 0x0000000085000000, 0x0000000085100000|  0%| F|  |TAMS 0x0000000085000000| PB 0x0000000085000000| Untracked 
|  31|0x0000000085100000, 0x0000000085100000, 0x0000000085200000|  0%| F|  |TAMS 0x0000000085100000| PB 0x0000000085100000| Untracked 
|  32|0x0000000085200000, 0x0000000085200000, 0x0000000085300000|  0%| F|  |TAMS 0x0000000085200000| PB 0x0000000085200000| Untracked 
|  33|0x0000000085300000, 0x0000000085300000, 0x0000000085400000|  0%| F|  |TAMS 0x0000000085300000| PB 0x0000000085300000| Untracked 
|  34|0x0000000085400000, 0x0000000085400000, 0x0000000085500000|  0%| F|  |TAMS 0x0000000085400000| PB 0x0000000085400000| Untracked 
|  35|0x0000000085500000, 0x0000000085500000, 0x0000000085600000|  0%| F|  |TAMS 0x0000000085500000| PB 0x0000000085500000| Untracked 
|  36|0x0000000085600000, 0x0000000085600000, 0x0000000085700000|  0%| F|  |TAMS 0x0000000085600000| PB 0x0000000085600000| Untracked 
|  37|0x0000000085700000, 0x0000000085700000, 0x0000000085800000|  0%| F|  |TAMS 0x0000000085700000| PB 0x0000000085700000| Untracked 
|  38|0x0000000085800000, 0x0000000085800000, 0x0000000085900000|  0%| F|  |TAMS 0x0000000085800000| PB 0x0000000085800000| Untracked 
|  39|0x0000000085900000, 0x0000000085900000, 0x0000000085a00000|  0%| F|  |TAMS 0x0000000085900000| PB 0x0000000085900000| Untracked 
|  40|0x0000000085a00000, 0x0000000085a00000, 0x0000000085b00000|  0%| F|  |TAMS 0x0000000085a00000| PB 0x0000000085a00000| Untracked 
|  41|0x0000000085b00000, 0x0000000085b00000, 0x0000000085c00000|  0%| F|  |TAMS 0x0000000085b00000| PB 0x0000000085b00000| Untracked 
|  42|0x0000000085c00000, 0x0000000085c00000, 0x0000000085d00000|  0%| F|  |TAMS 0x0000000085c00000| PB 0x0000000085c00000| Untracked 
|  43|0x0000000085d00000, 0x0000000085d00000, 0x0000000085e00000|  0%| F|  |TAMS 0x0000000085d00000| PB 0x0000000085d00000| Untracked 
|  44|0x0000000085e00000, 0x0000000085e00000, 0x0000000085f00000|  0%| F|  |TAMS 0x0000000085e00000| PB 0x0000000085e00000| Untracked 
|  45|0x0000000085f00000, 0x0000000085f00000, 0x0000000086000000|  0%| F|  |TAMS 0x0000000085f00000| PB 0x0000000085f00000| Untracked 
|  46|0x0000000086000000, 0x0000000086000000, 0x0000000086100000|  0%| F|  |TAMS 0x0000000086000000| PB 0x0000000086000000| Untracked 
|  47|0x0000000086100000, 0x0000000086100000, 0x0000000086200000|  0%| F|  |TAMS 0x0000000086100000| PB 0x0000000086100000| Untracked 
|  48|0x0000000086200000, 0x0000000086200000, 0x0000000086300000|  0%| F|  |TAMS 0x0000000086200000| PB 0x0000000086200000| Untracked 
|  49|0x0000000086300000, 0x0000000086300000, 0x0000000086400000|  0%| F|  |TAMS 0x0000000086300000| PB 0x0000000086300000| Untracked 
|  50|0x0000000086400000, 0x000000008645d1d8, 0x0000000086500000| 36%| S|CS|TAMS 0x0000000086400000| PB 0x0000000086400000| Complete 
|  51|0x0000000086500000, 0x0000000086500000, 0x0000000086600000|  0%| F|  |TAMS 0x0000000086500000| PB 0x0000000086500000| Untracked 
|  52|0x0000000086600000, 0x0000000086600000, 0x0000000086700000|  0%| F|  |TAMS 0x0000000086600000| PB 0x0000000086600000| Untracked 
|  53|0x0000000086700000, 0x0000000086700000, 0x0000000086800000|  0%| F|  |TAMS 0x0000000086700000| PB 0x0000000086700000| Untracked 
|  54|0x0000000086800000, 0x0000000086800000, 0x0000000086900000|  0%| F|  |TAMS 0x0000000086800000| PB 0x0000000086800000| Untracked 
|  55|0x0000000086900000, 0x0000000086900000, 0x0000000086a00000|  0%| F|  |TAMS 0x0000000086900000| PB 0x0000000086900000| Untracked 
|  56|0x0000000086a00000, 0x0000000086a00000, 0x0000000086b00000|  0%| F|  |TAMS 0x0000000086a00000| PB 0x0000000086a00000| Untracked 
|  57|0x0000000086b00000, 0x0000000086b00000, 0x0000000086c00000|  0%| F|  |TAMS 0x0000000086b00000| PB 0x0000000086b00000| Untracked 
|  58|0x0000000086c00000, 0x0000000086c00000, 0x0000000086d00000|  0%| F|  |TAMS 0x0000000086c00000| PB 0x0000000086c00000| Untracked 
|  59|0x0000000086d00000, 0x0000000086d00000, 0x0000000086e00000|  0%| F|  |TAMS 0x0000000086d00000| PB 0x0000000086d00000| Untracked 
|  60|0x0000000086e00000, 0x0000000086e00000, 0x0000000086f00000|  0%| F|  |TAMS 0x0000000086e00000| PB 0x0000000086e00000| Untracked 
|  61|0x0000000086f00000, 0x0000000086f00000, 0x0000000087000000|  0%| F|  |TAMS 0x0000000086f00000| PB 0x0000000086f00000| Untracked 
|  62|0x0000000087000000, 0x0000000087000000, 0x0000000087100000|  0%| F|  |TAMS 0x0000000087000000| PB 0x0000000087000000| Untracked 
|  63|0x0000000087100000, 0x0000000087100000, 0x0000000087200000|  0%| F|  |TAMS 0x0000000087100000| PB 0x0000000087100000| Untracked 
|  64|0x0000000087200000, 0x0000000087200000, 0x0000000087300000|  0%| F|  |TAMS 0x0000000087200000| PB 0x0000000087200000| Untracked 
|  65|0x0000000087300000, 0x0000000087300000, 0x0000000087400000|  0%| F|  |TAMS 0x0000000087300000| PB 0x0000000087300000| Untracked 
|  66|0x0000000087400000, 0x0000000087400000, 0x0000000087500000|  0%| F|  |TAMS 0x0000000087400000| PB 0x0000000087400000| Untracked 
|  67|0x0000000087500000, 0x0000000087500000, 0x0000000087600000|  0%| F|  |TAMS 0x0000000087500000| PB 0x0000000087500000| Untracked 
|  68|0x0000000087600000, 0x0000000087600000, 0x0000000087700000|  0%| F|  |TAMS 0x0000000087600000| PB 0x0000000087600000| Untracked 
|  69|0x0000000087700000, 0x0000000087700000, 0x0000000087800000|  0%| F|  |TAMS 0x0000000087700000| PB 0x0000000087700000| Untracked 
|  70|0x0000000087800000, 0x0000000087800000, 0x0000000087900000|  0%| F|  |TAMS 0x0000000087800000| PB 0x0000000087800000| Untracked 
|  71|0x0000000087900000, 0x0000000087900000, 0x0000000087a00000|  0%| F|  |TAMS 0x0000000087900000| PB 0x0000000087900000| Untracked 
|  72|0x0000000087a00000, 0x0000000087a00000, 0x0000000087b00000|  0%| F|  |TAMS 0x0000000087a00000| PB 0x0000000087a00000| Untracked 
|  73|0x0000000087b00000, 0x0000000087b00000, 0x0000000087c00000|  0%| F|  |TAMS 0x0000000087b00000| PB 0x0000000087b00000| Untracked 
|  74|0x0000000087c00000, 0x0000000087c00000, 0x0000000087d00000|  0%| F|  |TAMS 0x0000000087c00000| PB 0x0000000087c00000| Untracked 
|  75|0x0000000087d00000, 0x0000000087d00000, 0x0000000087e00000|  0%| F|  |TAMS 0x0000000087d00000| PB 0x0000000087d00000| Untracked 
|  76|0x0000000087e00000, 0x0000000087e00000, 0x0000000087f00000|  0%| F|  |TAMS 0x0000000087e00000| PB 0x0000000087e00000| Untracked 
|  77|0x0000000087f00000, 0x0000000087f00000, 0x0000000088000000|  0%| F|  |TAMS 0x0000000087f00000| PB 0x0000000087f00000| Untracked 
|  78|0x0000000088000000, 0x0000000088000000, 0x0000000088100000|  0%| F|  |TAMS 0x0000000088000000| PB 0x0000000088000000| Untracked 
|  79|0x0000000088100000, 0x0000000088100000, 0x0000000088200000|  0%| F|  |TAMS 0x0000000088100000| PB 0x0000000088100000| Untracked 
|  80|0x0000000088200000, 0x0000000088200000, 0x0000000088300000|  0%| F|  |TAMS 0x0000000088200000| PB 0x0000000088200000| Untracked 
|  81|0x0000000088300000, 0x0000000088300000, 0x0000000088400000|  0%| F|  |TAMS 0x0000000088300000| PB 0x0000000088300000| Untracked 
|  82|0x0000000088400000, 0x0000000088400000, 0x0000000088500000|  0%| F|  |TAMS 0x0000000088400000| PB 0x0000000088400000| Untracked 
|  83|0x0000000088500000, 0x0000000088500000, 0x0000000088600000|  0%| F|  |TAMS 0x0000000088500000| PB 0x0000000088500000| Untracked 
|  84|0x0000000088600000, 0x0000000088600000, 0x0000000088700000|  0%| F|  |TAMS 0x0000000088600000| PB 0x0000000088600000| Untracked 
|  85|0x0000000088700000, 0x0000000088700000, 0x0000000088800000|  0%| F|  |TAMS 0x0000000088700000| PB 0x0000000088700000| Untracked 
|  86|0x0000000088800000, 0x0000000088800000, 0x0000000088900000|  0%| F|  |TAMS 0x0000000088800000| PB 0x0000000088800000| Untracked 
|  87|0x0000000088900000, 0x0000000088900000, 0x0000000088a00000|  0%| F|  |TAMS 0x0000000088900000| PB 0x0000000088900000| Untracked 
|  88|0x0000000088a00000, 0x0000000088a00000, 0x0000000088b00000|  0%| F|  |TAMS 0x0000000088a00000| PB 0x0000000088a00000| Untracked 
|  89|0x0000000088b00000, 0x0000000088b00000, 0x0000000088c00000|  0%| F|  |TAMS 0x0000000088b00000| PB 0x0000000088b00000| Untracked 
|  90|0x0000000088c00000, 0x0000000088c00000, 0x0000000088d00000|  0%| F|  |TAMS 0x0000000088c00000| PB 0x0000000088c00000| Untracked 
|  91|0x0000000088d00000, 0x0000000088d00000, 0x0000000088e00000|  0%| F|  |TAMS 0x0000000088d00000| PB 0x0000000088d00000| Untracked 
|  92|0x0000000088e00000, 0x0000000088e00000, 0x0000000088f00000|  0%| F|  |TAMS 0x0000000088e00000| PB 0x0000000088e00000| Untracked 
|  93|0x0000000088f00000, 0x0000000088f00000, 0x0000000089000000|  0%| F|  |TAMS 0x0000000088f00000| PB 0x0000000088f00000| Untracked 
|  94|0x0000000089000000, 0x0000000089000000, 0x0000000089100000|  0%| F|  |TAMS 0x0000000089000000| PB 0x0000000089000000| Untracked 
|  95|0x0000000089100000, 0x0000000089180800, 0x0000000089200000| 50%| E|  |TAMS 0x0000000089100000| PB 0x0000000089100000| Complete 
|  96|0x0000000089200000, 0x0000000089300000, 0x0000000089300000|100%| E|CS|TAMS 0x0000000089200000| PB 0x0000000089200000| Complete 
|  97|0x0000000089300000, 0x0000000089400000, 0x0000000089400000|100%| E|CS|TAMS 0x0000000089300000| PB 0x0000000089300000| Complete 
|  98|0x0000000089400000, 0x0000000089500000, 0x0000000089500000|100%| E|CS|TAMS 0x0000000089400000| PB 0x0000000089400000| Complete 
|  99|0x0000000089500000, 0x0000000089600000, 0x0000000089600000|100%| E|CS|TAMS 0x0000000089500000| PB 0x0000000089500000| Complete 
| 100|0x0000000089600000, 0x0000000089700000, 0x0000000089700000|100%| E|CS|TAMS 0x0000000089600000| PB 0x0000000089600000| Complete 
| 101|0x0000000089700000, 0x0000000089800000, 0x0000000089800000|100%| E|CS|TAMS 0x0000000089700000| PB 0x0000000089700000| Complete 
| 102|0x0000000089800000, 0x0000000089900000, 0x0000000089900000|100%| E|CS|TAMS 0x0000000089800000| PB 0x0000000089800000| Complete 
| 103|0x0000000089900000, 0x0000000089a00000, 0x0000000089a00000|100%| E|CS|TAMS 0x0000000089900000| PB 0x0000000089900000| Complete 
| 104|0x0000000089a00000, 0x0000000089b00000, 0x0000000089b00000|100%| E|CS|TAMS 0x0000000089a00000| PB 0x0000000089a00000| Complete 
| 105|0x0000000089b00000, 0x0000000089c00000, 0x0000000089c00000|100%| E|CS|TAMS 0x0000000089b00000| PB 0x0000000089b00000| Complete 
| 106|0x0000000089c00000, 0x0000000089d00000, 0x0000000089d00000|100%| E|CS|TAMS 0x0000000089c00000| PB 0x0000000089c00000| Complete 
| 107|0x0000000089d00000, 0x0000000089e00000, 0x0000000089e00000|100%| E|CS|TAMS 0x0000000089d00000| PB 0x0000000089d00000| Complete 
| 108|0x0000000089e00000, 0x0000000089f00000, 0x0000000089f00000|100%| E|CS|TAMS 0x0000000089e00000| PB 0x0000000089e00000| Complete 
| 109|0x0000000089f00000, 0x000000008a000000, 0x000000008a000000|100%| E|CS|TAMS 0x0000000089f00000| PB 0x0000000089f00000| Complete 
| 110|0x000000008a000000, 0x000000008a100000, 0x000000008a100000|100%| E|CS|TAMS 0x000000008a000000| PB 0x000000008a000000| Complete 
| 111|0x000000008a100000, 0x000000008a200000, 0x000000008a200000|100%| E|CS|TAMS 0x000000008a100000| PB 0x000000008a100000| Complete 
| 112|0x000000008a200000, 0x000000008a300000, 0x000000008a300000|100%| E|CS|TAMS 0x000000008a200000| PB 0x000000008a200000| Complete 
| 113|0x000000008a300000, 0x000000008a400000, 0x000000008a400000|100%| E|CS|TAMS 0x000000008a300000| PB 0x000000008a300000| Complete 
| 114|0x000000008a400000, 0x000000008a500000, 0x000000008a500000|100%| E|CS|TAMS 0x000000008a400000| PB 0x000000008a400000| Complete 
| 115|0x000000008a500000, 0x000000008a600000, 0x000000008a600000|100%| E|CS|TAMS 0x000000008a500000| PB 0x000000008a500000| Complete 
| 116|0x000000008a600000, 0x000000008a700000, 0x000000008a700000|100%| E|CS|TAMS 0x000000008a600000| PB 0x000000008a600000| Complete 
| 117|0x000000008a700000, 0x000000008a800000, 0x000000008a800000|100%| E|CS|TAMS 0x000000008a700000| PB 0x000000008a700000| Complete 
| 118|0x000000008a800000, 0x000000008a900000, 0x000000008a900000|100%| E|CS|TAMS 0x000000008a800000| PB 0x000000008a800000| Complete 
| 119|0x000000008a900000, 0x000000008aa00000, 0x000000008aa00000|100%| E|CS|TAMS 0x000000008a900000| PB 0x000000008a900000| Complete 
| 120|0x000000008aa00000, 0x000000008ab00000, 0x000000008ab00000|100%| E|CS|TAMS 0x000000008aa00000| PB 0x000000008aa00000| Complete 
| 121|0x000000008ab00000, 0x000000008ac00000, 0x000000008ac00000|100%| E|CS|TAMS 0x000000008ab00000| PB 0x000000008ab00000| Complete 
| 122|0x000000008ac00000, 0x000000008ad00000, 0x000000008ad00000|100%| E|CS|TAMS 0x000000008ac00000| PB 0x000000008ac00000| Complete 
| 123|0x000000008ad00000, 0x000000008ae00000, 0x000000008ae00000|100%| E|CS|TAMS 0x000000008ad00000| PB 0x000000008ad00000| Complete 
| 124|0x000000008ae00000, 0x000000008af00000, 0x000000008af00000|100%| E|CS|TAMS 0x000000008ae00000| PB 0x000000008ae00000| Complete 
| 125|0x000000008af00000, 0x000000008b000000, 0x000000008b000000|100%| E|CS|TAMS 0x000000008af00000| PB 0x000000008af00000| Complete 

Card table byte_map: [0x000001a262850000,0x000001a262c40000] _byte_map_base: 0x000001a262437000

Marking Bits: (CMBitMap*) 0x000001a24ae58510
 Bits: [0x000001a262c40000, 0x000001a264b78000)

Polling page: 0x000001a248640000

Metaspace:

Usage:
  Non-class:     15.33 MB used.
      Class:      2.39 MB used.
       Both:     17.73 MB used.

Virtual space:
  Non-class space:       64.00 MB reserved,      15.50 MB ( 24%) committed,  1 nodes.
      Class space:        1.00 GB reserved,       2.56 MB ( <1%) committed,  1 nodes.
             Both:        1.06 GB reserved,      18.06 MB (  2%) committed. 

Chunk freelists:
   Non-Class:  144.00 KB
       Class:  13.40 MB
        Both:  13.54 MB

MaxMetaspaceSize: unlimited
CompressedClassSpaceSize: 1.00 GB
Initial GC threshold: 21.00 MB
Current GC threshold: 21.00 MB
CDS: on
 - commit_granule_bytes: 65536.
 - commit_granule_words: 8192.
 - virtual_space_node_default_size: 8388608.
 - enlarge_chunks_in_place: 1.
 - use_allocation_guard: 0.


Internal statistics:

num_allocs_failed_limit: 0.
num_arena_births: 390.
num_arena_deaths: 0.
num_vsnodes_births: 2.
num_vsnodes_deaths: 0.
num_space_committed: 289.
num_space_uncommitted: 0.
num_chunks_returned_to_freelist: 0.
num_chunks_taken_from_freelist: 1011.
num_chunk_merges: 0.
num_chunk_splits: 670.
num_chunks_enlarged: 482.
num_inconsistent_stats: 0.

CodeHeap 'non-profiled nmethods': size=120000Kb used=3027Kb max_used=3027Kb free=116972Kb
 bounds [0x000001a25ad10000, 0x000001a25b010000, 0x000001a262240000]
CodeHeap 'profiled nmethods': size=120000Kb used=9174Kb max_used=9174Kb free=110825Kb
 bounds [0x000001a253240000, 0x000001a253b40000, 0x000001a25a770000]
CodeHeap 'non-nmethods': size=5760Kb used=2076Kb max_used=2103Kb free=3683Kb
 bounds [0x000001a25a770000, 0x000001a25a9e0000, 0x000001a25ad10000]
 total_blobs=5545 nmethods=4705 adapters=742
 compilation: enabled
              stopped_count=0, restarted_count=0
 full_count=0

Compilation events (20 events):
Event: 123.657 Thread 0x000001a2675de9d0 nmethod 4698 0x000001a25b000390 code [0x000001a25b000520, 0x000001a25b0005a8]
Event: 123.781 Thread 0x000001a2675de9d0 4699  s    4       com.sun.javafx.sg.prism.GrowableDataBuffer::getBuffer (94 bytes)
Event: 123.788 Thread 0x000001a2675de9d0 nmethod 4699 0x000001a25b000690 code [0x000001a25b000880, 0x000001a25b0013a8]
Event: 123.847 Thread 0x000001a2675de9d0 4700       4       com.sun.javafx.sg.prism.GrowableDataBuffer::putLong (180 bytes)
Event: 123.850 Thread 0x000001a2675de9d0 nmethod 4700 0x000001a25b001690 code [0x000001a25b001840, 0x000001a25b001b70]
Event: 124.039 Thread 0x000001a2675de9d0 4701       4       com.sun.javafx.sg.prism.GrowableDataBuffer::putDouble (9 bytes)
Event: 124.043 Thread 0x000001a2675de9d0 nmethod 4701 0x000001a25b001d10 code [0x000001a25b001ec0, 0x000001a25b002238]
Event: 132.539 Thread 0x000001a2675de9d0 4702       4       com.sun.javafx.scene.canvas.CanvasHelper::computeContainsImpl (13 bytes)
Event: 132.542 Thread 0x000001a2675de9d0 nmethod 4702 0x000001a25b002390 code [0x000001a25b0025e0, 0x000001a25b002ad8]
Event: 132.542 Thread 0x000001a2675de9d0 4703       4       javafx.scene.canvas.Canvas$1::doComputeContains (11 bytes)
Event: 132.546 Thread 0x000001a2675de9d0 nmethod 4703 0x000001a25b002e90 code [0x000001a25b0030c0, 0x000001a25b003560]
Event: 132.546 Thread 0x000001a2675de9d0 4704       4       javafx.scene.canvas.Canvas::doComputeContains (58 bytes)
Event: 132.548 Thread 0x000001a2675de9d0 nmethod 4704 0x000001a25b003910 code [0x000001a25b003b40, 0x000001a25b003fc8]
Event: 141.597 Thread 0x000001a2675de9d0 4705       4       com.sun.javafx.sg.prism.GrowableDataBuffer::getLong (215 bytes)
Event: 141.599 Thread 0x000001a2675de9d0 nmethod 4705 0x000001a25b004310 code [0x000001a25b0044a0, 0x000001a25b004648]
Event: 143.972 Thread 0x000001a2675de9d0 4706       4       com.sun.javafx.stage.WindowCloseRequestHandler::dispatchBubblingEvent (23 bytes)
Event: 143.972 Thread 0x000001a2675de9d0 nmethod 4706 0x000001a25b004790 code [0x000001a25b004920, 0x000001a25b004a08]
Event: 145.188 Thread 0x000001a2675de9d0 4707       4       com.sun.javafx.scene.KeyboardShortcutsHandler::dispatchBubblingEvent (60 bytes)
Event: 145.190 Thread 0x000001a2675de9d0 nmethod 4707 0x000001a25b004b10 code [0x000001a25b004cc0, 0x000001a25b004e20]
Event: 153.779 Thread 0x000001a2675de9d0 4708       4       com.sun.glass.ui.View::notifyMouse (221 bytes)

GC Heap History (20 events):
Event: 149.615 GC heap before
{Heap before GC invocations=311 (full 0):
 garbage-first heap   total 129024K, used 90994K [0x0000000083200000, 0x0000000100000000)
  region size 1024K, 75 young (76800K), 1 survivors (1024K)
 Metaspace       used 18152K, committed 18496K, reserved 1114112K
  class space    used 2452K, committed 2624K, reserved 1048576K
}
Event: 149.616 GC heap after
{Heap after GC invocations=312 (full 0):
 garbage-first heap   total 129024K, used 14194K [0x0000000083200000, 0x0000000100000000)
  region size 1024K, 1 young (1024K), 1 survivors (1024K)
 Metaspace       used 18152K, committed 18496K, reserved 1114112K
  class space    used 2452K, committed 2624K, reserved 1048576K
}
Event: 150.055 GC heap before
{Heap before GC invocations=312 (full 0):
 garbage-first heap   total 129024K, used 90994K [0x0000000083200000, 0x0000000100000000)
  region size 1024K, 75 young (76800K), 1 survivors (1024K)
 Metaspace       used 18152K, committed 18496K, reserved 1114112K
  class space    used 2452K, committed 2624K, reserved 1048576K
}
Event: 150.056 GC heap after
{Heap after GC invocations=313 (full 0):
 garbage-first heap   total 129024K, used 14552K [0x0000000083200000, 0x0000000100000000)
  region size 1024K, 1 young (1024K), 1 survivors (1024K)
 Metaspace       used 18152K, committed 18496K, reserved 1114112K
  class space    used 2452K, committed 2624K, reserved 1048576K
}
Event: 150.511 GC heap before
{Heap before GC invocations=313 (full 0):
 garbage-first heap   total 129024K, used 90328K [0x0000000083200000, 0x0000000100000000)
  region size 1024K, 75 young (76800K), 1 survivors (1024K)
 Metaspace       used 18152K, committed 18496K, reserved 1114112K
  class space    used 2452K, committed 2624K, reserved 1048576K
}
Event: 150.512 GC heap after
{Heap after GC invocations=314 (full 0):
 garbage-first heap   total 129024K, used 14554K [0x0000000083200000, 0x0000000100000000)
  region size 1024K, 1 young (1024K), 1 survivors (1024K)
 Metaspace       used 18152K, committed 18496K, reserved 1114112K
  class space    used 2452K, committed 2624K, reserved 1048576K
}
Event: 150.966 GC heap before
{Heap before GC invocations=314 (full 0):
 garbage-first heap   total 129024K, used 90330K [0x0000000083200000, 0x0000000100000000)
  region size 1024K, 75 young (76800K), 1 survivors (1024K)
 Metaspace       used 18152K, committed 18496K, reserved 1114112K
  class space    used 2452K, committed 2624K, reserved 1048576K
}
Event: 150.967 GC heap after
{Heap after GC invocations=315 (full 0):
 garbage-first heap   total 129024K, used 14552K [0x0000000083200000, 0x0000000100000000)
  region size 1024K, 1 young (1024K), 1 survivors (1024K)
 Metaspace       used 18152K, committed 18496K, reserved 1114112K
  class space    used 2452K, committed 2624K, reserved 1048576K
}
Event: 151.415 GC heap before
{Heap before GC invocations=315 (full 0):
 garbage-first heap   total 129024K, used 90328K [0x0000000083200000, 0x0000000100000000)
  region size 1024K, 75 young (76800K), 1 survivors (1024K)
 Metaspace       used 18152K, committed 18496K, reserved 1114112K
  class space    used 2452K, committed 2624K, reserved 1048576K
}
Event: 151.416 GC heap after
{Heap after GC invocations=316 (full 0):
 garbage-first heap   total 129024K, used 14550K [0x0000000083200000, 0x0000000100000000)
  region size 1024K, 1 young (1024K), 1 survivors (1024K)
 Metaspace       used 18152K, committed 18496K, reserved 1114112K
  class space    used 2452K, committed 2624K, reserved 1048576K
}
Event: 151.863 GC heap before
{Heap before GC invocations=316 (full 0):
 garbage-first heap   total 129024K, used 90326K [0x0000000083200000, 0x0000000100000000)
  region size 1024K, 75 young (76800K), 1 survivors (1024K)
 Metaspace       used 18152K, committed 18496K, reserved 1114112K
  class space    used 2452K, committed 2624K, reserved 1048576K
}
Event: 151.864 GC heap after
{Heap after GC invocations=317 (full 0):
 garbage-first heap   total 129024K, used 14554K [0x0000000083200000, 0x0000000100000000)
  region size 1024K, 1 young (1024K), 1 survivors (1024K)
 Metaspace       used 18152K, committed 18496K, reserved 1114112K
  class space    used 2452K, committed 2624K, reserved 1048576K
}
Event: 152.313 GC heap before
{Heap before GC invocations=317 (full 0):
 garbage-first heap   total 129024K, used 90330K [0x0000000083200000, 0x0000000100000000)
  region size 1024K, 75 young (76800K), 1 survivors (1024K)
 Metaspace       used 18152K, committed 18496K, reserved 1114112K
  class space    used 2452K, committed 2624K, reserved 1048576K
}
Event: 152.314 GC heap after
{Heap after GC invocations=318 (full 0):
 garbage-first heap   total 129024K, used 14554K [0x0000000083200000, 0x0000000100000000)
  region size 1024K, 1 young (1024K), 1 survivors (1024K)
 Metaspace       used 18152K, committed 18496K, reserved 1114112K
  class space    used 2452K, committed 2624K, reserved 1048576K
}
Event: 152.763 GC heap before
{Heap before GC invocations=318 (full 0):
 garbage-first heap   total 129024K, used 90330K [0x0000000083200000, 0x0000000100000000)
  region size 1024K, 75 young (76800K), 1 survivors (1024K)
 Metaspace       used 18152K, committed 18496K, reserved 1114112K
  class space    used 2452K, committed 2624K, reserved 1048576K
}
Event: 152.764 GC heap after
{Heap after GC invocations=319 (full 0):
 garbage-first heap   total 129024K, used 14198K [0x0000000083200000, 0x0000000100000000)
  region size 1024K, 1 young (1024K), 1 survivors (1024K)
 Metaspace       used 18152K, committed 18496K, reserved 1114112K
  class space    used 2452K, committed 2624K, reserved 1048576K
}
Event: 153.210 GC heap before
{Heap before GC invocations=319 (full 0):
 garbage-first heap   total 129024K, used 90998K [0x0000000083200000, 0x0000000100000000)
  region size 1024K, 75 young (76800K), 1 survivors (1024K)
 Metaspace       used 18152K, committed 18496K, reserved 1114112K
  class space    used 2452K, committed 2624K, reserved 1048576K
}
Event: 153.211 GC heap after
{Heap after GC invocations=320 (full 0):
 garbage-first heap   total 129024K, used 14198K [0x0000000083200000, 0x0000000100000000)
  region size 1024K, 1 young (1024K), 1 survivors (1024K)
 Metaspace       used 18152K, committed 18496K, reserved 1114112K
  class space    used 2452K, committed 2624K, reserved 1048576K
}
Event: 153.656 GC heap before
{Heap before GC invocations=320 (full 0):
 garbage-first heap   total 129024K, used 89974K [0x0000000083200000, 0x0000000100000000)
  region size 1024K, 75 young (76800K), 1 survivors (1024K)
 Metaspace       used 18152K, committed 18496K, reserved 1114112K
  class space    used 2452K, committed 2624K, reserved 1048576K
}
Event: 153.656 GC heap after
{Heap after GC invocations=321 (full 0):
 garbage-first heap   total 129024K, used 14558K [0x0000000083200000, 0x0000000100000000)
  region size 1024K, 1 young (1024K), 1 survivors (1024K)
 Metaspace       used 18152K, committed 18496K, reserved 1114112K
  class space    used 2452K, committed 2624K, reserved 1048576K
}

Dll operation events (20 events):
Event: 0.630 Loaded shared library C:\Users\lenap\.openjfx\cache\17.0.0.1\api-ms-win-crt-heap-l1-1-0.dll
Event: 0.635 Loaded shared library C:\Users\lenap\.openjfx\cache\17.0.0.1\api-ms-win-crt-locale-l1-1-0.dll
Event: 0.640 Loaded shared library C:\Users\lenap\.openjfx\cache\17.0.0.1\api-ms-win-crt-math-l1-1-0.dll
Event: 0.645 Loaded shared library C:\Users\lenap\.openjfx\cache\17.0.0.1\api-ms-win-crt-multibyte-l1-1-0.dll
Event: 0.651 Loaded shared library C:\Users\lenap\.openjfx\cache\17.0.0.1\api-ms-win-crt-private-l1-1-0.dll
Event: 0.656 Loaded shared library C:\Users\lenap\.openjfx\cache\17.0.0.1\api-ms-win-crt-process-l1-1-0.dll
Event: 0.661 Loaded shared library C:\Users\lenap\.openjfx\cache\17.0.0.1\api-ms-win-crt-runtime-l1-1-0.dll
Event: 0.667 Loaded shared library C:\Users\lenap\.openjfx\cache\17.0.0.1\api-ms-win-crt-stdio-l1-1-0.dll
Event: 0.672 Loaded shared library C:\Users\lenap\.openjfx\cache\17.0.0.1\api-ms-win-crt-string-l1-1-0.dll
Event: 0.677 Loaded shared library C:\Users\lenap\.openjfx\cache\17.0.0.1\api-ms-win-crt-time-l1-1-0.dll
Event: 0.682 Loaded shared library C:\Users\lenap\.openjfx\cache\17.0.0.1\api-ms-win-crt-utility-l1-1-0.dll
Event: 0.706 Loaded shared library C:\Users\lenap\.openjfx\cache\17.0.0.1\ucrtbase.dll
Event: 0.713 Loaded shared library C:\Users\lenap\.openjfx\cache\17.0.0.1\vcruntime140.dll
Event: 0.718 Loaded shared library C:\Users\lenap\.openjfx\cache\17.0.0.1\vcruntime140_1.dll
Event: 0.731 Loaded shared library C:\Users\lenap\.openjfx\cache\17.0.0.1\msvcp140.dll
Event: 0.801 Loaded shared library C:\Users\lenap\.openjfx\cache\17.0.0.1\prism_d3d.dll
Event: 0.894 Loaded shared library C:\Users\lenap\.openjfx\cache\17.0.0.1\glass.dll
Event: 1.083 Loaded shared library C:\Users\lenap\.jdks\openjdk-21.0.2\bin\jimage.dll
Event: 1.340 Loaded shared library C:\Users\lenap\.openjfx\cache\17.0.0.1\javafx_font.dll
Event: 6.753 Loaded shared library C:\Users\lenap\.jdks\openjdk-21.0.2\bin\verify.dll

Deoptimization events (20 events):
Event: 72.966 Thread 0x000001a26c477f80 Uncommon trap: trap_request=0xffffffbe fr.pc=0x000001a25af91490 relative=0x00000000000016b0
Event: 72.966 Thread 0x000001a26c477f80 Uncommon trap: reason=profile_predicate action=maybe_recompile pc=0x000001a25af91490 method=com.sun.javafx.scene.control.inputmap.InputMap.lookupMappingAndSpecificity(Ljavafx/event/Event;I)Ljava/util/List; @ 48 c2
Event: 72.966 Thread 0x000001a26c477f80 DEOPT PACKING pc=0x000001a25af91490 sp=0x0000002e8defd6f0
Event: 72.966 Thread 0x000001a26c477f80 DEOPT UNPACKING pc=0x000001a25a7c7da2 sp=0x0000002e8defd6b0 mode 2
Event: 73.330 Thread 0x000001a26c477f80 Uncommon trap: trap_request=0xffffffbe fr.pc=0x000001a25af91490 relative=0x00000000000016b0
Event: 73.330 Thread 0x000001a26c477f80 Uncommon trap: reason=profile_predicate action=maybe_recompile pc=0x000001a25af91490 method=com.sun.javafx.scene.control.inputmap.InputMap.lookupMappingAndSpecificity(Ljavafx/event/Event;I)Ljava/util/List; @ 48 c2
Event: 73.330 Thread 0x000001a26c477f80 DEOPT PACKING pc=0x000001a25af91490 sp=0x0000002e8defd6f0
Event: 73.330 Thread 0x000001a26c477f80 DEOPT UNPACKING pc=0x000001a25a7c7da2 sp=0x0000002e8defd6b0 mode 2
Event: 73.553 Thread 0x000001a26c477f80 Uncommon trap: trap_request=0xffffffbe fr.pc=0x000001a25af91490 relative=0x00000000000016b0
Event: 73.553 Thread 0x000001a26c477f80 Uncommon trap: reason=profile_predicate action=maybe_recompile pc=0x000001a25af91490 method=com.sun.javafx.scene.control.inputmap.InputMap.lookupMappingAndSpecificity(Ljavafx/event/Event;I)Ljava/util/List; @ 48 c2
Event: 73.553 Thread 0x000001a26c477f80 DEOPT PACKING pc=0x000001a25af91490 sp=0x0000002e8defd6f0
Event: 73.553 Thread 0x000001a26c477f80 DEOPT UNPACKING pc=0x000001a25a7c7da2 sp=0x0000002e8defd6b0 mode 2
Event: 73.585 Thread 0x000001a26c477f80 Uncommon trap: trap_request=0xffffffbe fr.pc=0x000001a25af91490 relative=0x00000000000016b0
Event: 73.585 Thread 0x000001a26c477f80 Uncommon trap: reason=profile_predicate action=maybe_recompile pc=0x000001a25af91490 method=com.sun.javafx.scene.control.inputmap.InputMap.lookupMappingAndSpecificity(Ljavafx/event/Event;I)Ljava/util/List; @ 48 c2
Event: 73.585 Thread 0x000001a26c477f80 DEOPT PACKING pc=0x000001a25af91490 sp=0x0000002e8defd6f0
Event: 73.585 Thread 0x000001a26c477f80 DEOPT UNPACKING pc=0x000001a25a7c7da2 sp=0x0000002e8defd6b0 mode 2
Event: 80.325 Thread 0x000001a26c477f80 Uncommon trap: trap_request=0xffffff45 fr.pc=0x000001a25afb2770 relative=0x00000000000019b0
Event: 80.325 Thread 0x000001a26c477f80 Uncommon trap: reason=unstable_if action=reinterpret pc=0x000001a25afb2770 method=com.sun.javafx.geom.RoundRectangle2D.contains(FF)Z @ 54 c2
Event: 80.325 Thread 0x000001a26c477f80 DEOPT PACKING pc=0x000001a25afb2770 sp=0x0000002e8defd400
Event: 80.325 Thread 0x000001a26c477f80 DEOPT UNPACKING pc=0x000001a25a7c7da2 sp=0x0000002e8defcdd0 mode 2

Classes loaded (20 events):
Event: 3.743 Loading class java/lang/FdLibm$Atan2
Event: 3.744 Loading class java/lang/FdLibm$Atan2 done
Event: 6.662 Loading class java/util/Scanner
Event: 6.663 Loading class java/util/Scanner done
Event: 6.664 Loading class java/io/StringReader
Event: 6.665 Loading class java/io/StringReader done
Event: 6.665 Loading class java/util/Scanner$PatternLRUCache
Event: 6.665 Loading class java/util/Scanner$PatternLRUCache done
Event: 6.669 Loading class sun/util/resources/LocaleData$CommonResourceBundleProvider
Event: 6.669 Loading class sun/util/resources/LocaleData$LocaleDataResourceBundleProvider
Event: 6.669 Loading class java/util/spi/ResourceBundleProvider
Event: 6.669 Loading class java/util/spi/ResourceBundleProvider done
Event: 6.669 Loading class sun/util/resources/LocaleData$LocaleDataResourceBundleProvider done
Event: 6.669 Loading class sun/util/resources/LocaleData$CommonResourceBundleProvider done
Event: 6.670 Loading class sun/util/resources/Bundles$2
Event: 6.670 Loading class sun/util/resources/Bundles$2 done
Event: 6.678 Loading class java/util/regex/Matcher$ImmutableMatchResult
Event: 6.678 Loading class java/util/regex/Matcher$ImmutableMatchResult done
Event: 11.637 Loading class java/lang/foreign/MemorySegment
Event: 11.638 Loading class java/lang/foreign/MemorySegment done

Classes unloaded (0 events):
No events

Classes redefined (0 events):
No events

Internal exceptions (20 events):
Event: 1.733 Thread 0x000001a26c477f80 Implicit null exception at 0x000001a25ad7b8ba to 0x000001a25ad7bb64
Event: 1.863 Thread 0x000001a26c477f80 Exception <a 'java/lang/NoSuchMethodError'{0x0000000088fa28f0}: 'int java.lang.invoke.DirectMethodHandle$Holder.invokeStaticInit(java.lang.Object, java.lang.Object)'> (0x0000000088fa28f0) 
thrown [s\open\src\hotspot\share\interpreter\linkResolver.cpp, line 773]
Event: 1.950 Thread 0x000001a26c477f80 Exception <a 'java/lang/IncompatibleClassChangeError'{0x000000008ae00c00}: Found class java.lang.Object, but interface was expected> (0x000000008ae00c00) 
thrown [s\open\src\hotspot\share\interpreter\linkResolver.cpp, line 840]
Event: 2.078 Thread 0x000001a26c477f80 Exception <a 'java/lang/ClassNotFoundException'{0x000000008abc72e0}: com/sun/javafx/scene/control/skin/resources/controls> (0x000000008abc72e0) 
thrown [s\open\src\hotspot\share\prims\jni.cpp, line 539]
Event: 2.079 Thread 0x000001a26c477f80 Exception <a 'java/lang/ClassNotFoundException'{0x000000008abd5050}: com/sun/javafx/scene/control/skin/resources/controls_ru> (0x000000008abd5050) 
thrown [s\open\src\hotspot\share\prims\jni.cpp, line 539]
Event: 2.079 Thread 0x000001a26c477f80 Exception <a 'java/lang/ClassNotFoundException'{0x000000008abd5ff8}: com/sun/javafx/scene/control/skin/resources/controls_ru_RU> (0x000000008abd5ff8) 
thrown [s\open\src\hotspot\share\prims\jni.cpp, line 539]
Event: 2.116 Thread 0x000001a26c477f80 Exception <a 'java/lang/NoSuchMethodError'{0x000000008a9a64b8}: 'int java.lang.invoke.DirectMethodHandle$Holder.invokeSpecial(java.lang.Object, java.lang.Object, int)'> (0x000000008a9a64b8) 
thrown [s\open\src\hotspot\share\interpreter\linkResolver.cpp, line 773]
Event: 2.232 Thread 0x000001a26c477f80 Exception <a 'java/lang/NoSuchMethodError'{0x000000008a677878}: 'java.lang.Object java.lang.invoke.DirectMethodHandle$Holder.newInvokeSpecial(java.lang.Object, java.lang.Object, int)'> (0x000000008a677878) 
thrown [s\open\src\hotspot\share\interpreter\linkResolver.cpp, line 773]
Event: 2.252 Thread 0x000001a26c477f80 Exception <a 'java/lang/NoSuchMethodError'{0x000000008a69c3f8}: 'long java.lang.invoke.DirectMethodHandle$Holder.invokeStatic(java.lang.Object, java.lang.Object, java.lang.Object)'> (0x000000008a69c3f8) 
thrown [s\open\src\hotspot\share\interpreter\linkResolver.cpp, line 773]
Event: 2.252 Thread 0x000001a26c477f80 Exception <a 'java/lang/NoSuchMethodError'{0x000000008a69f7c8}: 'long java.lang.invoke.DirectMethodHandle$Holder.invokeStaticInit(java.lang.Object, java.lang.Object, java.lang.Object)'> (0x000000008a69f7c8) 
thrown [s\open\src\hotspot\share\interpreter\linkResolver.cpp, line 773]
Event: 2.255 Thread 0x000001a26c477f80 Exception <a 'java/lang/NoSuchMethodError'{0x000000008a6b3dc0}: 'java.lang.Object java.lang.invoke.DirectMethodHandle$Holder.newInvokeSpecial(java.lang.Object, java.lang.Object, long)'> (0x000000008a6b3dc0) 
thrown [s\open\src\hotspot\share\interpreter\linkResolver.cpp, line 773]
Event: 2.255 Thread 0x000001a26c477f80 Exception <a 'java/lang/NoSuchMethodError'{0x000000008a6b76b8}: 'java.lang.Object java.lang.invoke.Invokers$Holder.linkToTargetMethod(java.lang.Object, long, java.lang.Object)'> (0x000000008a6b76b8) 
thrown [s\open\src\hotspot\share\interpreter\linkResolver.cpp, line 773]
Event: 3.718 Thread 0x000001a26c477f80 Exception <a 'java/lang/NoSuchMethodError'{0x0000000089eab420}: 'java.lang.Object java.lang.invoke.DirectMethodHandle$Holder.newInvokeSpecial(java.lang.Object, java.lang.Object, int, int, int, int, int, java.lang.Object)'> (0x0000000089eab420) 
thrown [s\open\src\hotspot\share\interpreter\linkResolver.cpp, line 773]
Event: 3.719 Thread 0x000001a26c477f80 Exception <a 'java/lang/NoSuchMethodError'{0x0000000089ebd030}: 'java.lang.Object java.lang.invoke.DirectMethodHandle$Holder.newInvokeSpecial(java.lang.Object, java.lang.Object, java.lang.Object, int, int, int, int, int)'> (0x0000000089ebd030) 
thrown [s\open\src\hotspot\share\interpreter\linkResolver.cpp, line 773]
Event: 3.720 Thread 0x000001a26c477f80 Exception <a 'java/lang/NoSuchMethodError'{0x0000000089ec4370}: 'java.lang.Object java.lang.invoke.Invokers$Holder.linkToTargetMethod(java.lang.Object, java.lang.Object, int, int, int, int, int, java.lang.Object)'> (0x0000000089ec4370) 
thrown [s\open\src\hotspot\share\interpreter\linkResolver.cpp, line 773]
Event: 3.728 Thread 0x000001a26c290510 Exception <a 'java/lang/NoSuchMethodError'{0x000000008a0a5e10}: 'java.lang.Object java.lang.invoke.DirectMethodHandle$Holder.invokeStaticInit(java.lang.Object, int)'> (0x000000008a0a5e10) 
thrown [s\open\src\hotspot\share\interpreter\linkResolver.cpp, line 773]
Event: 3.830 Thread 0x000001a26c477f80 Implicit null exception at 0x000001a25adcfb2e to 0x000001a25add03ac
Event: 11.792 Thread 0x000001a26c477f80 Implicit null exception at 0x000001a25adf5cd8 to 0x000001a25adf5d35
Event: 11.792 Thread 0x000001a26c477f80 Implicit null exception at 0x000001a25ae94212 to 0x000001a25ae94630
Event: 43.328 Thread 0x000001a26c477f80 Exception <a 'java/lang/NoSuchMethodError'{0x0000000087d0fd80}: 'java.lang.Object java.lang.invoke.DirectMethodHandle$Holder.newInvokeSpecial(java.lang.Object, java.lang.Object, java.lang.Object, double, double, double, double, int, int, int, int, int, int, int, int, int)'> (0x0000000087d0fd80) 
thrown [s\open\src\hotspot\share\interpreter\linkResolver.cpp, line 773]

ZGC Phase Switch (0 events):
No events

VM Operations (20 events):
Event: 149.615 Executing VM operation: G1CollectForAllocation (G1 Evacuation Pause)
Event: 149.616 Executing VM operation: G1CollectForAllocation (G1 Evacuation Pause) done
Event: 150.055 Executing VM operation: G1CollectForAllocation (G1 Evacuation Pause)
Event: 150.056 Executing VM operation: G1CollectForAllocation (G1 Evacuation Pause) done
Event: 150.510 Executing VM operation: G1CollectForAllocation (G1 Evacuation Pause)
Event: 150.512 Executing VM operation: G1CollectForAllocation (G1 Evacuation Pause) done
Event: 150.966 Executing VM operation: G1CollectForAllocation (G1 Evacuation Pause)
Event: 150.967 Executing VM operation: G1CollectForAllocation (G1 Evacuation Pause) done
Event: 151.415 Executing VM operation: G1CollectForAllocation (G1 Evacuation Pause)
Event: 151.416 Executing VM operation: G1CollectForAllocation (G1 Evacuation Pause) done
Event: 151.862 Executing VM operation: G1CollectForAllocation (G1 Evacuation Pause)
Event: 151.864 Executing VM operation: G1CollectForAllocation (G1 Evacuation Pause) done
Event: 152.313 Executing VM operation: G1CollectForAllocation (G1 Evacuation Pause)
Event: 152.314 Executing VM operation: G1CollectForAllocation (G1 Evacuation Pause) done
Event: 152.763 Executing VM operation: G1CollectForAllocation (G1 Evacuation Pause)
Event: 152.764 Executing VM operation: G1CollectForAllocation (G1 Evacuation Pause) done
Event: 153.210 Executing VM operation: G1CollectForAllocation (G1 Evacuation Pause)
Event: 153.211 Executing VM operation: G1CollectForAllocation (G1 Evacuation Pause) done
Event: 153.656 Executing VM operation: G1CollectForAllocation (G1 Evacuation Pause)
Event: 153.656 Executing VM operation: G1CollectForAllocation (G1 Evacuation Pause) done

Events (20 events):
Event: 0.055 Thread 0x000001a2675c84b0 Thread added: 0x000001a2675c84b0
Event: 0.055 Thread 0x000001a2675c9cd0 Thread added: 0x000001a2675c9cd0
Event: 0.055 Thread 0x000001a2675cd2c0 Thread added: 0x000001a2675cd2c0
Event: 0.055 Thread 0x000001a2675d0180 Thread added: 0x000001a2675d0180
Event: 0.055 Thread 0x000001a2675d0cd0 Thread added: 0x000001a2675d0cd0
Event: 0.056 Thread 0x000001a2675d1c30 Thread added: 0x000001a2675d1c30
Event: 0.056 Thread 0x000001a2675de9d0 Thread added: 0x000001a2675de9d0
Event: 0.056 Thread 0x000001a2675df6d0 Thread added: 0x000001a2675df6d0
Event: 0.093 Thread 0x000001a267828930 Thread added: 0x000001a267828930
Event: 0.152 Thread 0x000001a2678c89a0 Thread added: 0x000001a2678c89a0
Event: 0.300 Thread 0x000001a26c0697a0 Thread added: 0x000001a26c0697a0
Event: 0.300 Thread 0x000001a2679ca0e0 Thread added: 0x000001a2679ca0e0
Event: 0.329 Thread 0x000001a26c056050 Thread added: 0x000001a26c056050
Event: 0.633 Thread 0x000001a2678c89a0 Thread exited: 0x000001a2678c89a0
Event: 0.779 Thread 0x000001a26c290510 Thread added: 0x000001a26c290510
Event: 0.897 Thread 0x000001a26c481be0 Thread added: 0x000001a26c481be0
Event: 0.902 Thread 0x000001a26c477f80 Thread added: 0x000001a26c477f80
Event: 1.046 Thread 0x000001a26c753f70 Thread added: 0x000001a26c753f70
Event: 2.018 Thread 0x000001a271c9c3a0 Thread added: 0x000001a271c9c3a0
Event: 2.408 Thread 0x000001a271c9d750 Thread added: 0x000001a271c9d750


Dynamic libraries:
0x00007ff7721b0000 - 0x00007ff7721be000 	C:\Users\lenap\.jdks\openjdk-21.0.2\bin\java.exe
0x00007fff76c90000 - 0x00007fff76ea7000 	C:\WINDOWS\SYSTEM32\ntdll.dll
0x00007fff75590000 - 0x00007fff75654000 	C:\WINDOWS\System32\KERNEL32.DLL
0x00007fff741c0000 - 0x00007fff7457a000 	C:\WINDOWS\System32\KERNELBASE.dll
0x00007fff74770000 - 0x00007fff74881000 	C:\WINDOWS\System32\ucrtbase.dll
0x00007fff694d0000 - 0x00007fff694e8000 	C:\Users\lenap\.jdks\openjdk-21.0.2\bin\jli.dll
0x00007fff6a040000 - 0x00007fff6a05b000 	C:\Users\lenap\.jdks\openjdk-21.0.2\bin\VCRUNTIME140.dll
0x00007fff74c20000 - 0x00007fff74dce000 	C:\WINDOWS\System32\USER32.dll
0x00007fff74960000 - 0x00007fff74986000 	C:\WINDOWS\System32\win32u.dll
0x00007fff5a050000 - 0x00007fff5a2e2000 	C:\WINDOWS\WinSxS\amd64_microsoft.windows.common-controls_6595b64144ccf1df_6.0.22621.4541_none_2710d1c57384c085\COMCTL32.dll
0x00007fff753d0000 - 0x00007fff753f9000 	C:\WINDOWS\System32\GDI32.dll
0x00007fff75bb0000 - 0x00007fff75c57000 	C:\WINDOWS\System32\msvcrt.dll
0x00007fff73f60000 - 0x00007fff7407b000 	C:\WINDOWS\System32\gdi32full.dll
0x00007fff74890000 - 0x00007fff7492a000 	C:\WINDOWS\System32\msvcp_win.dll
0x00007fff75400000 - 0x00007fff75431000 	C:\WINDOWS\System32\IMM32.DLL
0x00007fff74990000 - 0x00007fff749ee000 	C:\WINDOWS\System32\SHLWAPI.dll
0x00007fff47600000 - 0x00007fff47650000 	C:\WINDOWS\SYSTEM32\pdh.dll
0x00007fff74a10000 - 0x00007fff74b24000 	C:\WINDOWS\System32\RPCRT4.dll
0x00007fff76b80000 - 0x00007fff76c32000 	C:\WINDOWS\System32\advapi32.dll
0x00007fff75440000 - 0x00007fff754e7000 	C:\WINDOWS\System32\sechost.dll
0x00007fff74930000 - 0x00007fff74958000 	C:\WINDOWS\System32\bcrypt.dll
0x00007fff6b3a0000 - 0x00007fff6b3ac000 	C:\Users\lenap\.jdks\openjdk-21.0.2\bin\vcruntime140_1.dll
0x00007fff3cd70000 - 0x00007fff3cdfe000 	C:\Users\lenap\.jdks\openjdk-21.0.2\bin\msvcp140.dll
0x00007ffeec110000 - 0x00007ffeece27000 	C:\Users\lenap\.jdks\openjdk-21.0.2\bin\server\jvm.dll
0x00007fff76930000 - 0x00007fff769a1000 	C:\WINDOWS\System32\WS2_32.dll
0x00007fff737e0000 - 0x00007fff7382d000 	C:\WINDOWS\SYSTEM32\POWRPROF.dll
0x00007fff71bf0000 - 0x00007fff71c24000 	C:\WINDOWS\SYSTEM32\WINMM.dll
0x00007fff6bf20000 - 0x00007fff6bf2a000 	C:\WINDOWS\SYSTEM32\VERSION.dll
0x00007fff737c0000 - 0x00007fff737d3000 	C:\WINDOWS\SYSTEM32\UMPDC.dll
0x00007fff72fa0000 - 0x00007fff72fb8000 	C:\WINDOWS\SYSTEM32\kernel.appcore.dll
0x00007fff6af40000 - 0x00007fff6af4a000 	C:\Users\lenap\.jdks\openjdk-21.0.2\bin\jimage.dll
0x00007fff71720000 - 0x00007fff71952000 	C:\WINDOWS\SYSTEM32\DBGHELP.DLL
0x00007fff75820000 - 0x00007fff75baf000 	C:\WINDOWS\System32\combase.dll
0x00007fff74b40000 - 0x00007fff74c17000 	C:\WINDOWS\System32\OLEAUT32.dll
0x00007fff45e60000 - 0x00007fff45e92000 	C:\WINDOWS\SYSTEM32\dbgcore.DLL
0x00007fff74140000 - 0x00007fff741bb000 	C:\WINDOWS\System32\bcryptPrimitives.dll
0x00007fff695f0000 - 0x00007fff695ff000 	C:\Users\lenap\.jdks\openjdk-21.0.2\bin\instrument.dll
0x00007fff68f60000 - 0x00007fff68f7f000 	C:\Users\lenap\.jdks\openjdk-21.0.2\bin\java.dll
0x00007fff760a0000 - 0x00007fff76918000 	C:\WINDOWS\System32\SHELL32.dll
0x00007fff71ea0000 - 0x00007fff727a8000 	C:\WINDOWS\SYSTEM32\windows.storage.dll
0x00007fff71d60000 - 0x00007fff71e9f000 	C:\WINDOWS\SYSTEM32\wintypes.dll
0x00007fff75df0000 - 0x00007fff75eea000 	C:\WINDOWS\System32\SHCORE.dll
0x00007fff73e90000 - 0x00007fff73ebb000 	C:\WINDOWS\SYSTEM32\profapi.dll
0x00007fff1d5c0000 - 0x00007fff1d697000 	C:\Users\lenap\.jdks\openjdk-21.0.2\bin\jsvml.dll
0x00007fff6a020000 - 0x00007fff6a030000 	C:\Users\lenap\.jdks\openjdk-21.0.2\bin\net.dll
0x00007fff6e830000 - 0x00007fff6e966000 	C:\WINDOWS\SYSTEM32\WINHTTP.dll
0x00007fff73420000 - 0x00007fff73489000 	C:\WINDOWS\system32\mswsock.dll
0x00007fff65c50000 - 0x00007fff65c66000 	C:\Users\lenap\.jdks\openjdk-21.0.2\bin\nio.dll
0x00007fff65c30000 - 0x00007fff65c48000 	C:\Users\lenap\.jdks\openjdk-21.0.2\bin\zip.dll
0x00007fff65b20000 - 0x00007fff65b3a000 	D:\IntelliJ IDEA Community Edition 2024.3\bin\breakgen64.dll
0x000001a267b60000 - 0x000001a267b63000 	C:\Users\lenap\.openjfx\cache\17.0.0.1\api-ms-win-core-console-l1-1-0.dll
0x000001a267b70000 - 0x000001a267b73000 	C:\Users\lenap\.openjfx\cache\17.0.0.1\api-ms-win-core-console-l1-2-0.dll
0x000001a267b80000 - 0x000001a267b83000 	C:\Users\lenap\.openjfx\cache\17.0.0.1\api-ms-win-core-datetime-l1-1-0.dll
0x000001a267b90000 - 0x000001a267b93000 	C:\Users\lenap\.openjfx\cache\17.0.0.1\api-ms-win-core-debug-l1-1-0.dll
0x000001a267ba0000 - 0x000001a267ba3000 	C:\Users\lenap\.openjfx\cache\17.0.0.1\api-ms-win-core-errorhandling-l1-1-0.dll
0x000001a267bb0000 - 0x000001a267bb4000 	C:\Users\lenap\.openjfx\cache\17.0.0.1\api-ms-win-core-file-l1-1-0.dll
0x000001a267bc0000 - 0x000001a267bc3000 	C:\Users\lenap\.openjfx\cache\17.0.0.1\api-ms-win-core-file-l1-2-0.dll
0x000001a267bd0000 - 0x000001a267bd3000 	C:\Users\lenap\.openjfx\cache\17.0.0.1\api-ms-win-core-file-l2-1-0.dll
0x000001a267be0000 - 0x000001a267be3000 	C:\Users\lenap\.openjfx\cache\17.0.0.1\api-ms-win-core-handle-l1-1-0.dll
0x000001a267bf0000 - 0x000001a267bf3000 	C:\Users\lenap\.openjfx\cache\17.0.0.1\api-ms-win-core-heap-l1-1-0.dll
0x000001a267c00000 - 0x000001a267c03000 	C:\Users\lenap\.openjfx\cache\17.0.0.1\api-ms-win-core-interlocked-l1-1-0.dll
0x000001a267c10000 - 0x000001a267c13000 	C:\Users\lenap\.openjfx\cache\17.0.0.1\api-ms-win-core-libraryloader-l1-1-0.dll
0x000001a267c20000 - 0x000001a267c23000 	C:\Users\lenap\.openjfx\cache\17.0.0.1\api-ms-win-core-localization-l1-2-0.dll
0x000001a267c30000 - 0x000001a267c33000 	C:\Users\lenap\.openjfx\cache\17.0.0.1\api-ms-win-core-memory-l1-1-0.dll
0x000001a267c40000 - 0x000001a267c43000 	C:\Users\lenap\.openjfx\cache\17.0.0.1\api-ms-win-core-namedpipe-l1-1-0.dll
0x000001a267c50000 - 0x000001a267c53000 	C:\Users\lenap\.openjfx\cache\17.0.0.1\api-ms-win-core-processenvironment-l1-1-0.dll
0x000001a267c60000 - 0x000001a267c63000 	C:\Users\lenap\.openjfx\cache\17.0.0.1\api-ms-win-core-processthreads-l1-1-0.dll
0x000001a267c70000 - 0x000001a267c73000 	C:\Users\lenap\.openjfx\cache\17.0.0.1\api-ms-win-core-processthreads-l1-1-1.dll
0x000001a267c80000 - 0x000001a267c83000 	C:\Users\lenap\.openjfx\cache\17.0.0.1\api-ms-win-core-profile-l1-1-0.dll
0x000001a267c90000 - 0x000001a267c93000 	C:\Users\lenap\.openjfx\cache\17.0.0.1\api-ms-win-core-rtlsupport-l1-1-0.dll
0x000001a267ca0000 - 0x000001a267ca3000 	C:\Users\lenap\.openjfx\cache\17.0.0.1\api-ms-win-core-string-l1-1-0.dll
0x000001a267cb0000 - 0x000001a267cb3000 	C:\Users\lenap\.openjfx\cache\17.0.0.1\api-ms-win-core-synch-l1-1-0.dll
0x000001a267cc0000 - 0x000001a267cc3000 	C:\Users\lenap\.openjfx\cache\17.0.0.1\api-ms-win-core-synch-l1-2-0.dll
0x000001a267cd0000 - 0x000001a267cd3000 	C:\Users\lenap\.openjfx\cache\17.0.0.1\api-ms-win-core-sysinfo-l1-1-0.dll
0x000001a267ce0000 - 0x000001a267ce3000 	C:\Users\lenap\.openjfx\cache\17.0.0.1\api-ms-win-core-timezone-l1-1-0.dll
0x000001a267cf0000 - 0x000001a267cf3000 	C:\Users\lenap\.openjfx\cache\17.0.0.1\api-ms-win-core-util-l1-1-0.dll
0x000001a267d00000 - 0x000001a267d03000 	C:\Users\lenap\.openjfx\cache\17.0.0.1\api-ms-win-crt-conio-l1-1-0.dll
0x000001a267d10000 - 0x000001a267d14000 	C:\Users\lenap\.openjfx\cache\17.0.0.1\api-ms-win-crt-convert-l1-1-0.dll
0x000001a267d20000 - 0x000001a267d23000 	C:\Users\lenap\.openjfx\cache\17.0.0.1\api-ms-win-crt-environment-l1-1-0.dll
0x000001a267d30000 - 0x000001a267d33000 	C:\Users\lenap\.openjfx\cache\17.0.0.1\api-ms-win-crt-filesystem-l1-1-0.dll
0x000001a267d40000 - 0x000001a267d43000 	C:\Users\lenap\.openjfx\cache\17.0.0.1\api-ms-win-crt-heap-l1-1-0.dll
0x000001a267d50000 - 0x000001a267d53000 	C:\Users\lenap\.openjfx\cache\17.0.0.1\api-ms-win-crt-locale-l1-1-0.dll
0x000001a267d60000 - 0x000001a267d65000 	C:\Users\lenap\.openjfx\cache\17.0.0.1\api-ms-win-crt-math-l1-1-0.dll
0x000001a267d70000 - 0x000001a267d75000 	C:\Users\lenap\.openjfx\cache\17.0.0.1\api-ms-win-crt-multibyte-l1-1-0.dll
0x000001a267d80000 - 0x000001a267d90000 	C:\Users\lenap\.openjfx\cache\17.0.0.1\api-ms-win-crt-private-l1-1-0.dll
0x000001a267d90000 - 0x000001a267d93000 	C:\Users\lenap\.openjfx\cache\17.0.0.1\api-ms-win-crt-process-l1-1-0.dll
0x000001a267da0000 - 0x000001a267da4000 	C:\Users\lenap\.openjfx\cache\17.0.0.1\api-ms-win-crt-runtime-l1-1-0.dll
0x000001a267db0000 - 0x000001a267db4000 	C:\Users\lenap\.openjfx\cache\17.0.0.1\api-ms-win-crt-stdio-l1-1-0.dll
0x000001a267dc0000 - 0x000001a267dc4000 	C:\Users\lenap\.openjfx\cache\17.0.0.1\api-ms-win-crt-string-l1-1-0.dll
0x000001a267dd0000 - 0x000001a267dd3000 	C:\Users\lenap\.openjfx\cache\17.0.0.1\api-ms-win-crt-time-l1-1-0.dll
0x000001a267de0000 - 0x000001a267de3000 	C:\Users\lenap\.openjfx\cache\17.0.0.1\api-ms-win-crt-utility-l1-1-0.dll
0x00007fff11ef0000 - 0x00007fff11fec000 	C:\Users\lenap\.openjfx\cache\17.0.0.1\ucrtbase.dll
0x00007fff65b00000 - 0x00007fff65b1a000 	C:\Users\lenap\.openjfx\cache\17.0.0.1\vcruntime140.dll
0x00007fff68d40000 - 0x00007fff68d4c000 	C:\Users\lenap\.openjfx\cache\17.0.0.1\vcruntime140_1.dll
0x00007fff3c920000 - 0x00007fff3c9ad000 	C:\Users\lenap\.openjfx\cache\17.0.0.1\msvcp140.dll
0x00007fff5fd90000 - 0x00007fff5fdba000 	C:\Users\lenap\.openjfx\cache\17.0.0.1\prism_d3d.dll
0x00007fff31870000 - 0x00007fff31a18000 	C:\WINDOWS\system32\d3d9.dll
0x00007fff708c0000 - 0x00007fff708eb000 	C:\WINDOWS\SYSTEM32\dwmapi.dll
0x00007fff70b90000 - 0x00007fff70bc7000 	C:\WINDOWS\SYSTEM32\dxcore.dll
0x00007fff705d0000 - 0x00007fff70681000 	C:\WINDOWS\system32\uxtheme.dll
0x00007fff2a370000 - 0x00007fff2a4d5000 	C:\WINDOWS\System32\DriverStore\FileRepository\iigd_dch.inf_amd64_5dc1a2977f07512e\igdumdim64.dll
0x00007fff75ef0000 - 0x00007fff76095000 	C:\WINDOWS\System32\ole32.dll
0x00007fff1fa30000 - 0x00007fff236bb000 	C:\WINDOWS\System32\DriverStore\FileRepository\iigd_dch.inf_amd64_5dc1a2977f07512e\igd9dxva64.dll
0x00007fff74f50000 - 0x00007fff753c4000 	C:\WINDOWS\System32\SETUPAPI.dll
0x00007fff73c50000 - 0x00007fff73c9e000 	C:\WINDOWS\SYSTEM32\cfgmgr32.dll
0x00007fff640f0000 - 0x00007fff64426000 	C:\WINDOWS\System32\DriverStore\FileRepository\iigd_dch.inf_amd64_5dc1a2977f07512e\igdgmm64.dll
0x00007fff696d0000 - 0x00007fff69719000 	C:\WINDOWS\SYSTEM32\directxdatabasehelper.dll
0x00007fff3b950000 - 0x00007fff3b992000 	C:\Users\lenap\.openjfx\cache\17.0.0.1\glass.dll
0x00007fff74de0000 - 0x00007fff74ee0000 	C:\WINDOWS\System32\COMDLG32.dll
0x00007fff76a10000 - 0x00007fff76b71000 	C:\WINDOWS\System32\MSCTF.dll
0x00007fff5d930000 - 0x00007fff5d957000 	C:\WINDOWS\System32\DriverStore\FileRepository\iigd_dch.inf_amd64_5dc1a2977f07512e\igdinfo64.dll
0x00007fff61160000 - 0x00007fff63eef000 	C:\WINDOWS\System32\DriverStore\FileRepository\iigd_dch.inf_amd64_5dc1a2977f07512e\igc64.dll
0x00007fff5fb70000 - 0x00007fff5fb84000 	C:\Users\lenap\.openjfx\cache\17.0.0.1\javafx_font.dll
0x00007fff711c0000 - 0x00007fff71433000 	C:\WINDOWS\SYSTEM32\dwrite.dll
0x00007fff75c60000 - 0x00007fff75d10000 	C:\WINDOWS\System32\clbcatq.dll
0x00007fff703c0000 - 0x00007fff70570000 	C:\WINDOWS\SYSTEM32\WindowsCodecs.dll
0x00007fff673d0000 - 0x00007fff6742e000 	C:\WINDOWS\system32\dataexchange.dll
0x00007fff663b0000 - 0x00007fff66654000 	C:\WINDOWS\system32\twinapi.appcore.dll
0x00007fff52890000 - 0x00007fff528c2000 	C:\Program Files\Common Files\Microsoft Shared\Ink\rtscom.dll
0x00007fff6a0b0000 - 0x00007fff6a1f5000 	C:\WINDOWS\SYSTEM32\textinputframework.dll
0x00007fff6b450000 - 0x00007fff6b583000 	C:\WINDOWS\SYSTEM32\CoreMessaging.dll
0x00007fff69bd0000 - 0x00007fff69f3d000 	C:\WINDOWS\SYSTEM32\CoreUIComponents.dll
0x00007fff73690000 - 0x00007fff7369c000 	C:\WINDOWS\SYSTEM32\CRYPTBASE.DLL
0x00007fff59da0000 - 0x00007fff59deb000 	C:\WINDOWS\system32\ApplicationTargetedFeatureDatabase.dll
0x00007fff6fc10000 - 0x00007fff6fd11000 	C:\WINDOWS\SYSTEM32\PROPSYS.dll
0x00007fff4eaf0000 - 0x00007fff4ecac000 	C:\WINDOWS\SYSTEM32\DUI70.dll
0x00007fff12340000 - 0x00007fff123d9000 	C:\WINDOWS\SYSTEM32\DUser.dll
0x00007fff1e110000 - 0x00007fff1e1b0000 	C:\Program Files\Common Files\microsoft shared\ink\tiptsf.dll

dbghelp: loaded successfully - version: 4.0.5 - missing functions: none
symbol engine: initialized successfully - sym options: 0x614 - pdb path: .;C:\Users\lenap\.jdks\openjdk-21.0.2\bin;C:\WINDOWS\SYSTEM32;C:\WINDOWS\WinSxS\amd64_microsoft.windows.common-controls_6595b64144ccf1df_6.0.22621.4541_none_2710d1c57384c085;C:\Users\lenap\.jdks\openjdk-21.0.2\bin\server;D:\IntelliJ IDEA Community Edition 2024.3\bin;C:\Users\lenap\.openjfx\cache\17.0.0.1;C:\WINDOWS\System32\DriverStore\FileRepository\iigd_dch.inf_amd64_5dc1a2977f07512e;C:\Program Files\Common Files\Microsoft Shared\Ink;C:\WINDOWS\WinSxS\amd64_microsoft.windows.gdiplus_6595b64144ccf1df_1.1.22621.4541_none_57fbc4aace173a53;C:\Program Files\Microsoft OneDrive\24.221.1103.0003

VM Arguments:
jvm_args: -javaagent:D:\IntelliJ IDEA Community Edition 2024.3\lib\idea_rt.jar=61023:D:\IntelliJ IDEA Community Edition 2024.3\bin -Dfile.encoding=UTF-8 -Dsun.stdout.encoding=UTF-8 -Dsun.stderr.encoding=UTF-8 --module-path=C:\Users\lenap\.m2\repository\org\openjfx\javafx-fxml\17.0.0.1\javafx-fxml-17.0.0.1-win.jar;C:\Users\lenap\.m2\repository\org\openjfx\javafx-graphics\17.0.0.1\javafx-graphics-17.0.0.1-win.jar;C:\Users\lenap\.m2\repository\java3d\vecmath\1.3.1\vecmath-1.3.1.jar;C:\Users\lenap\.m2\repository\org\openjfx\javafx-base\17.0.0.1\javafx-base-17.0.0.1-win.jar;C:\Users\lenap\OneDrive\Рабочий стол\проекты Java\Task4\Simple3DViewer\target\classes;C:\Users\lenap\.m2\repository\org\openjfx\javafx-controls\17.0.0.1\javafx-controls-17.0.0.1-win.jar -Djdk.module.main=com.cgvsu 
java_command: com.cgvsu/com.cgvsu.Main
java_class_path (initial): C:\Users\lenap\.m2\repository\org\openjfx\javafx-controls\17.0.0.1\javafx-controls-17.0.0.1.jar;C:\Users\lenap\.m2\repository\org\openjfx\javafx-graphics\17.0.0.1\javafx-graphics-17.0.0.1.jar;C:\Users\lenap\.m2\repository\org\openjfx\javafx-base\17.0.0.1\javafx-base-17.0.0.1.jar;C:\Users\lenap\.m2\repository\org\openjfx\javafx-fxml\17.0.0.1\javafx-fxml-17.0.0.1.jar
Launcher Type: SUN_STANDARD

[Global flags]
     intx CICompilerCount                          = 4                                         {product} {ergonomic}
     uint ConcGCThreads                            = 2                                         {product} {ergonomic}
     uint G1ConcRefinementThreads                  = 8                                         {product} {ergonomic}
   size_t G1HeapRegionSize                         = 1048576                                   {product} {ergonomic}
    uintx GCDrainStackTargetSize                   = 64                                        {product} {ergonomic}
   size_t InitialHeapSize                          = 132120576                                 {product} {ergonomic}
   size_t MarkStackSize                            = 4194304                                   {product} {ergonomic}
   size_t MaxHeapSize                              = 2095054848                                {product} {ergonomic}
   size_t MaxNewSize                               = 1256194048                                {product} {ergonomic}
   size_t MinHeapDeltaBytes                        = 1048576                                   {product} {ergonomic}
   size_t MinHeapSize                              = 8388608                                   {product} {ergonomic}
    uintx NonNMethodCodeHeapSize                   = 5839372                                {pd product} {ergonomic}
    uintx NonProfiledCodeHeapSize                  = 122909434                              {pd product} {ergonomic}
    uintx ProfiledCodeHeapSize                     = 122909434                              {pd product} {ergonomic}
    uintx ReservedCodeCacheSize                    = 251658240                              {pd product} {ergonomic}
     bool SegmentedCodeCache                       = true                                      {product} {ergonomic}
   size_t SoftMaxHeapSize                          = 2095054848                             {manageable} {ergonomic}
     bool UseCompressedOops                        = true                           {product lp64_product} {ergonomic}
     bool UseG1GC                                  = true                                      {product} {ergonomic}
     bool UseLargePagesIndividualAllocation        = false                                  {pd product} {ergonomic}

Logging:
Log output configuration:
 #0: stdout all=warning uptime,level,tags foldmultilines=false
 #1: stderr all=off uptime,level,tags foldmultilines=false

Environment Variables:
PATH=C:\ProgramData\Oracle\Java\javapath;C:\Program Files\Common Files\Oracle\Java\javapath;C:\Windows\System32\HWAudioDriverLibs;C:\Windows\system32;C:\Windows;C:\Windows\System32\Wbem;C:\Windows\System32\WindowsPowerShell\v1.0\;C:\Windows\System32\OpenSSH\;C:\Windows\system32\config\systemprofile\AppData\Local\Microsoft\WindowsApps;C:\WINDOWS\system32;C:\WINDOWS;C:\WINDOWS\System32\Wbem;C:\WINDOWS\System32\WindowsPowerShell\v1.0\;C:\WINDOWS\System32\OpenSSH\;C:\Program Files (x86)\Windows Kits\10\Windows Performance Toolkit\;C:\Program Files (x86)\ZeroTier\One\;C:\Program Files\Git\cmd;C:\Users\lenap\AppData\Local\Programs\Python\Python310\Scripts\;C:\Users\lenap\AppData\Local\Programs\Python\Python310\;C:\Users\lenap\AppData\Local\Microsoft\WindowsApps;;C:\Program Files\JetBrains\IntelliJ IDEA 2023.3.2\bin;;C:\Program Files\JetBrains\IntelliJ IDEA Community Edition 2023.3.4\bin;;D:\IntelliJ IDEA Community Edition 2024.3\bin;
USERNAME=lenap
OS=Windows_NT
PROCESSOR_IDENTIFIER=Intel64 Family 6 Model 140 Stepping 1, GenuineIntel
TMP=C:\Users\lenap\AppData\Local\Temp
TEMP=C:\Users\lenap\AppData\Local\Temp




Periodic native trim disabled

---------------  S Y S T E M  ---------------

OS:
 Windows 11 , 64 bit Build 22621 (10.0.22621.4391)
OS uptime: 5 days 10:22 hours

CPU: total 8 (initial active 8) (4 cores per cpu, 2 threads per core) family 6 model 140 stepping 1 microcode 0x8a, cx8, cmov, fxsr, ht, mmx, 3dnowpref, sse, sse2, sse3, ssse3, sse4.1, sse4.2, popcnt, lzcnt, tsc, tscinvbit, avx, avx2, aes, erms, clmul, bmi1, bmi2, adx, avx512f, avx512dq, avx512cd, avx512bw, avx512vl, sha, fma, vzeroupper, avx512_vpopcntdq, avx512_vpclmulqdq, avx512_vaes, avx512_vnni, clflush, clflushopt, clwb, avx512_vbmi2, avx512_vbmi, rdtscp, rdpid, fsrm, gfni, avx512_bitalg, f16c, pku, cet_ibt, cet_ss, avx512_ifma
Processor Information for all 8 processors :
  Max Mhz: 2419, Current Mhz: 2419, Mhz Limit: 2419

Memory: 4k page, system-wide physical 7991M (854M free)
TotalPageFile size 32567M (AvailPageFile size 3M)
current process WorkingSet (physical memory assigned to process): 262M, peak: 290M
current process commit charge ("private bytes"): 320M, peak: 332M

vm_info: OpenJDK 64-Bit Server VM (21.0.2+13-58) for windows-amd64 JRE (21.0.2+13-58), built on 2024-01-05T18:32:24Z by "mach5one" with MS VC++ 17.1 (VS2022)

END.
